<?xml version="1.0" encoding="UTF-8"?>
<testsuite xmlns:xsi="http://www.w3.org/2001/XMLSchema-instance" xsi:noNamespaceSchemaLocation="https://maven.apache.org/surefire/maven-surefire-plugin/xsd/surefire-test-report-3.0.xsd" version="3.0" name="br.com.estudoskaua.trabalhofinalpoo.TrabalhoFinalPooApplicationTests" time="5.113" tests="1" errors="0" skipped="0" failures="0">
  <properties>
[...]
</properties>
  <testcase name="contextLoads" classname="br.com.estudoskaua.trabalhofinalpoo.TrabalhoFinalPooApplicationTests" time="0.488">
    <system-out><![CDATA[00:33:32.486 [main] INFO org.springframework.test.context.support.AnnotationConfigContextLoaderUtils -- Could not detect default configuration classes for test class [br.com.estudoskaua.trabalhofinalpoo.TrabalhoFinalPooApplicationTests]: TrabalhoFinalPooApplicationTests does not declare any static, non-private, non-final, nested classes annotated with @Configuration.
00:33:32.580 [main] INFO org.springframework.boot.test.context.SpringBootTestContextBootstrapper -- Found @SpringBootConfiguration br.com.estudoskaua.trabalhofinalpoo.TrabalhoFinalPooApplication for test class br.com.estudoskaua.trabalhofinalpoo.TrabalhoFinalPooApplicationTests
00:33:32.770 [main] INFO org.springframework.boot.devtools.restart.RestartApplicationListener -- Restart disabled due to context in which it is running

  .   ____          _            __ _ _
 /\\ / ___'_ __ _ _(_)_ __  __ _ \ \ \ \
( ( )\___ | '_ | '_| | '_ \/ _` | \ \ \ \
 \\/  ___)| |_)| | | | | || (_| |  ) ) ) )
  '  |____| .__|_| |_|_| |_\__, | / / / /
 =========|_|==============|___/=/_/_/_/

 :: Spring Boot ::                (v3.3.3)

2024-09-27T00:33:33.000-03:00 DEBUG 12588 --- [kground-preinit] org.jboss.logging                        : Logging Provider: org.jboss.logging.Slf4jLoggerProvider found via system property
2024-09-27T00:33:33.014-03:00 DEBUG 12588 --- [kground-preinit] o.h.v.i.xml.config.ValidationXmlParser   : Trying to load META-INF/validation.xml for XML based Validator configuration.
2024-09-27T00:33:33.014-03:00 DEBUG 12588 --- [kground-preinit] o.h.v.i.xml.config.ResourceLoaderHelper  : Trying to load META-INF/validation.xml via TCCL
2024-09-27T00:33:33.014-03:00 DEBUG 12588 --- [kground-preinit] o.h.v.i.xml.config.ResourceLoaderHelper  : Trying to load META-INF/validation.xml via Hibernate Validator's class loader
2024-09-27T00:33:33.014-03:00 DEBUG 12588 --- [kground-preinit] o.h.v.i.xml.config.ValidationXmlParser   : No META-INF/validation.xml found. Using annotation based configuration only.
2024-09-27T00:33:33.023-03:00 DEBUG 12588 --- [kground-preinit] o.h.v.i.e.resolver.TraversableResolvers  : Found jakarta.persistence.Persistence on classpath containing 'getPersistenceUtil'. Assuming JPA 2 environment. Trying to instantiate JPA aware TraversableResolver
2024-09-27T00:33:33.023-03:00 DEBUG 12588 --- [kground-preinit] o.h.v.i.e.resolver.TraversableResolvers  : Instantiated JPA aware TraversableResolver of type org.hibernate.validator.internal.engine.resolver.JPATraversableResolver.
2024-09-27T00:33:33.024-03:00  INFO 12588 --- [           main] b.c.e.t.TrabalhoFinalPooApplicationTests : Starting TrabalhoFinalPooApplicationTests using Java 17.0.12 with PID 12588 (started by kauar in C:\Users\kauar\IdeaProjects\TrabalhoFinalPOO)
2024-09-27T00:33:33.024-03:00 DEBUG 12588 --- [           main] b.c.e.t.TrabalhoFinalPooApplicationTests : Running with Spring Boot v3.3.3, Spring v6.1.12
2024-09-27T00:33:33.024-03:00  INFO 12588 --- [           main] b.c.e.t.TrabalhoFinalPooApplicationTests : No active profile set, falling back to 1 default profile: "default"
2024-09-27T00:33:33.024-03:00 DEBUG 12588 --- [           main] o.s.boot.SpringApplication               : Loading source class br.com.estudoskaua.trabalhofinalpoo.TrabalhoFinalPooApplication
2024-09-27T00:33:33.035-03:00 DEBUG 12588 --- [kground-preinit] .h.v.m.ResourceBundleMessageInterpolator : Loaded expression factory via original TCCL
2024-09-27T00:33:33.050-03:00 DEBUG 12588 --- [           main] o.s.w.c.s.GenericWebApplicationContext   : Refreshing org.springframework.web.context.support.GenericWebApplicationContext@68ed96ca
2024-09-27T00:33:33.067-03:00 DEBUG 12588 --- [           main] o.s.b.f.s.DefaultListableBeanFactory     : Creating shared instance of singleton bean 'org.springframework.context.annotation.internalConfigurationAnnotationProcessor'
2024-09-27T00:33:33.085-03:00 DEBUG 12588 --- [           main] o.s.b.f.s.DefaultListableBeanFactory     : Creating shared instance of singleton bean 'org.springframework.boot.autoconfigure.internalCachingMetadataReaderFactory'
2024-09-27T00:33:33.133-03:00 DEBUG 12588 --- [           main] o.s.c.a.ClassPathBeanDefinitionScanner   : Identified candidate component class: file [C:\Users\kauar\IdeaProjects\TrabalhoFinalPOO\target\classes\br\com\estudoskaua\trabalhofinalpoo\api\controller\ClienteController.class]
2024-09-27T00:33:33.133-03:00 DEBUG 12588 --- [           main] o.s.c.a.ClassPathBeanDefinitionScanner   : Identified candidate component class: file [C:\Users\kauar\IdeaProjects\TrabalhoFinalPOO\target\classes\br\com\estudoskaua\trabalhofinalpoo\api\controller\LanceController.class]
2024-09-27T00:33:33.133-03:00 DEBUG 12588 --- [           main] o.s.c.a.ClassPathBeanDefinitionScanner   : Identified candidate component class: file [C:\Users\kauar\IdeaProjects\TrabalhoFinalPOO\target\classes\br\com\estudoskaua\trabalhofinalpoo\api\controller\LeilaoController.class]
2024-09-27T00:33:33.133-03:00 DEBUG 12588 --- [           main] o.s.c.a.ClassPathBeanDefinitionScanner   : Identified candidate component class: file [C:\Users\kauar\IdeaProjects\TrabalhoFinalPOO\target\classes\br\com\estudoskaua\trabalhofinalpoo\api\controller\ProdutoController.class]
2024-09-27T00:33:33.133-03:00 DEBUG 12588 --- [kground-preinit] .i.e.ValidatorFactoryConfigurationHelper : HV000252: Using org.hibernate.validator.internal.engine.DefaultPropertyNodeNameProvider as property node name provider.
2024-09-27T00:33:33.133-03:00 DEBUG 12588 --- [           main] o.s.c.a.ClassPathBeanDefinitionScanner   : Identified candidate component class: file [C:\Users\kauar\IdeaProjects\TrabalhoFinalPOO\target\classes\br\com\estudoskaua\trabalhofinalpoo\api\controller\TestController.class]
2024-09-27T00:33:33.133-03:00 DEBUG 12588 --- [kground-preinit] .i.e.ValidatorFactoryConfigurationHelper : HV000234: Using org.hibernate.validator.messageinterpolation.ResourceBundleMessageInterpolator as ValidatorFactory-scoped message interpolator.
2024-09-27T00:33:33.133-03:00 DEBUG 12588 --- [kground-preinit] .i.e.ValidatorFactoryConfigurationHelper : HV000234: Using org.hibernate.validator.internal.engine.resolver.JPATraversableResolver as ValidatorFactory-scoped traversable resolver.
2024-09-27T00:33:33.133-03:00 DEBUG 12588 --- [           main] o.s.c.a.ClassPathBeanDefinitionScanner   : Identified candidate component class: file [C:\Users\kauar\IdeaProjects\TrabalhoFinalPOO\target\classes\br\com\estudoskaua\trabalhofinalpoo\api\exception\CustomExceptionHandler.class]
2024-09-27T00:33:33.133-03:00 DEBUG 12588 --- [kground-preinit] .i.e.ValidatorFactoryConfigurationHelper : HV000234: Using org.hibernate.validator.internal.util.ExecutableParameterNameProvider as ValidatorFactory-scoped parameter name provider.
2024-09-27T00:33:33.133-03:00 DEBUG 12588 --- [kground-preinit] .i.e.ValidatorFactoryConfigurationHelper : HV000234: Using org.hibernate.validator.internal.engine.DefaultClockProvider as ValidatorFactory-scoped clock provider.
2024-09-27T00:33:33.133-03:00 DEBUG 12588 --- [kground-preinit] .i.e.ValidatorFactoryConfigurationHelper : HV000234: Using org.hibernate.validator.internal.engine.scripting.DefaultScriptEvaluatorFactory as ValidatorFactory-scoped script evaluator factory.
2024-09-27T00:33:33.149-03:00 DEBUG 12588 --- [           main] o.s.c.a.ClassPathBeanDefinitionScanner   : Identified candidate component class: file [C:\Users\kauar\IdeaProjects\TrabalhoFinalPOO\target\classes\br\com\estudoskaua\trabalhofinalpoo\domain\service\LeilaoService.class]
2024-09-27T00:33:33.698-03:00  INFO 12588 --- [           main] .s.d.r.c.RepositoryConfigurationDelegate : Bootstrapping Spring Data JPA repositories in DEFAULT mode.
2024-09-27T00:33:33.698-03:00 DEBUG 12588 --- [           main] o.s.b.f.s.DefaultListableBeanFactory     : Creating shared instance of singleton bean 'org.springframework.boot.autoconfigure.AutoConfigurationPackages'
2024-09-27T00:33:33.713-03:00 DEBUG 12588 --- [           main] o.s.b.a.AutoConfigurationPackages        : @EnableAutoConfiguration was declared on a class in the package 'br.com.estudoskaua.trabalhofinalpoo'. Automatic @Repository and @Entity scanning is enabled.
2024-09-27T00:33:33.713-03:00 DEBUG 12588 --- [           main] .s.d.r.c.RepositoryConfigurationDelegate : Scanning for JPA repositories in packages br.com.estudoskaua.trabalhofinalpoo.
2024-09-27T00:33:33.729-03:00 DEBUG 12588 --- [           main] o.s.d.r.c.RepositoryComponentProvider    : Identified candidate component class: file [C:\Users\kauar\IdeaProjects\TrabalhoFinalPOO\target\classes\br\com\estudoskaua\trabalhofinalpoo\domain\repository\ClienteRepository.class]
2024-09-27T00:33:33.729-03:00 DEBUG 12588 --- [           main] o.s.d.r.c.RepositoryComponentProvider    : Identified candidate component class: file [C:\Users\kauar\IdeaProjects\TrabalhoFinalPOO\target\classes\br\com\estudoskaua\trabalhofinalpoo\domain\repository\LanceRepository.class]
2024-09-27T00:33:33.729-03:00 DEBUG 12588 --- [           main] o.s.d.r.c.RepositoryComponentProvider    : Identified candidate component class: file [C:\Users\kauar\IdeaProjects\TrabalhoFinalPOO\target\classes\br\com\estudoskaua\trabalhofinalpoo\domain\repository\LeilaoRepository.class]
2024-09-27T00:33:33.729-03:00 DEBUG 12588 --- [           main] o.s.d.r.c.RepositoryComponentProvider    : Identified candidate component class: file [C:\Users\kauar\IdeaProjects\TrabalhoFinalPOO\target\classes\br\com\estudoskaua\trabalhofinalpoo\domain\repository\ProdutoRepository.class]
2024-09-27T00:33:33.792-03:00  INFO 12588 --- [           main] .s.d.r.c.RepositoryConfigurationDelegate : Finished Spring Data repository scanning in 67 ms. Found 4 JPA repository interfaces.
2024-09-27T00:33:33.965-03:00 DEBUG 12588 --- [           main] o.s.b.f.s.DefaultListableBeanFactory     : Creating shared instance of singleton bean 'propertySourcesPlaceholderConfigurer'
2024-09-27T00:33:33.965-03:00 DEBUG 12588 --- [           main] o.s.b.f.s.DefaultListableBeanFactory     : Creating shared instance of singleton bean 'org.springframework.boot.test.mock.mockito.MockitoPostProcessor'
2024-09-27T00:33:33.965-03:00 DEBUG 12588 --- [           main] o.s.b.f.s.DefaultListableBeanFactory     : Creating shared instance of singleton bean 'emBeanDefinitionRegistrarPostProcessor'
2024-09-27T00:33:33.965-03:00 DEBUG 12588 --- [           main] o.s.b.f.s.DefaultListableBeanFactory     : Creating shared instance of singleton bean 'org.springframework.boot.sql.init.dependency.DatabaseInitializationDependencyConfigurer$DependsOnDatabaseInitializationPostProcessor'
2024-09-27T00:33:34.029-03:00 DEBUG 12588 --- [           main] o.s.b.f.s.DefaultListableBeanFactory     : Creating shared instance of singleton bean 'org.springframework.context.event.internalEventListenerProcessor'
2024-09-27T00:33:34.029-03:00 DEBUG 12588 --- [           main] o.s.b.f.s.DefaultListableBeanFactory     : Creating shared instance of singleton bean 'preserveErrorControllerTargetClassPostProcessor'
2024-09-27T00:33:34.029-03:00 DEBUG 12588 --- [           main] o.s.b.f.s.DefaultListableBeanFactory     : Creating shared instance of singleton bean 'org.springframework.context.event.internalEventListenerFactory'
2024-09-27T00:33:34.029-03:00 DEBUG 12588 --- [           main] o.s.b.f.s.DefaultListableBeanFactory     : Creating shared instance of singleton bean 'org.springframework.transaction.config.internalTransactionalEventListenerFactory'
2024-09-27T00:33:34.029-03:00 DEBUG 12588 --- [           main] o.s.b.f.s.DefaultListableBeanFactory     : Creating shared instance of singleton bean 'org.springframework.boot.test.mock.mockito.MockitoPostProcessor$SpyPostProcessor'
2024-09-27T00:33:34.029-03:00 DEBUG 12588 --- [           main] o.s.b.f.s.DefaultListableBeanFactory     : Creating shared instance of singleton bean 'org.springframework.context.annotation.internalAutowiredAnnotationProcessor'
2024-09-27T00:33:34.029-03:00 DEBUG 12588 --- [           main] o.s.b.f.s.DefaultListableBeanFactory     : Creating shared instance of singleton bean 'org.springframework.context.annotation.internalCommonAnnotationProcessor'
2024-09-27T00:33:34.029-03:00 DEBUG 12588 --- [           main] o.s.b.f.s.DefaultListableBeanFactory     : Creating shared instance of singleton bean 'org.springframework.context.annotation.internalPersistenceAnnotationProcessor'
2024-09-27T00:33:34.029-03:00 DEBUG 12588 --- [           main] o.s.b.f.s.DefaultListableBeanFactory     : Creating shared instance of singleton bean 'org.springframework.boot.context.properties.ConfigurationPropertiesBindingPostProcessor'
2024-09-27T00:33:34.029-03:00 DEBUG 12588 --- [           main] o.s.b.f.s.DefaultListableBeanFactory     : Creating shared instance of singleton bean 'org.springframework.boot.context.internalConfigurationPropertiesBinder'
2024-09-27T00:33:34.045-03:00 DEBUG 12588 --- [           main] o.s.b.f.s.DefaultListableBeanFactory     : Creating shared instance of singleton bean 'jdbcConnectionDetailsHikariBeanPostProcessor'
2024-09-27T00:33:34.045-03:00 DEBUG 12588 --- [           main] o.s.b.f.s.DefaultListableBeanFactory     : Creating shared instance of singleton bean 'methodValidationPostProcessor'
2024-09-27T00:33:34.060-03:00 DEBUG 12588 --- [           main] o.s.b.f.s.DefaultListableBeanFactory     : Autowiring by type from bean name 'methodValidationPostProcessor' via factory method to bean named 'environment'
2024-09-27T00:33:34.060-03:00 DEBUG 12588 --- [           main] o.s.b.f.s.DefaultListableBeanFactory     : Creating shared instance of singleton bean 'org.springframework.boot.context.properties.EnableConfigurationPropertiesRegistrar.methodValidationExcludeFilter'
2024-09-27T00:33:34.076-03:00 DEBUG 12588 --- [           main] o.s.b.f.s.DefaultListableBeanFactory     : Creating shared instance of singleton bean 'org.springframework.aop.config.internalAutoProxyCreator'
2024-09-27T00:33:34.092-03:00 DEBUG 12588 --- [           main] o.s.b.f.s.DefaultListableBeanFactory     : Creating shared instance of singleton bean 'persistenceExceptionTranslationPostProcessor'
2024-09-27T00:33:34.092-03:00 DEBUG 12588 --- [           main] o.s.b.f.s.DefaultListableBeanFactory     : Autowiring by type from bean name 'persistenceExceptionTranslationPostProcessor' via factory method to bean named 'environment'
2024-09-27T00:33:34.092-03:00 DEBUG 12588 --- [           main] o.s.b.f.s.DefaultListableBeanFactory     : Creating shared instance of singleton bean 'webServerFactoryCustomizerBeanPostProcessor'
2024-09-27T00:33:34.092-03:00 DEBUG 12588 --- [           main] o.s.b.f.s.DefaultListableBeanFactory     : Creating shared instance of singleton bean 'errorPageRegistrarBeanPostProcessor'
2024-09-27T00:33:34.092-03:00 DEBUG 12588 --- [           main] o.s.b.f.s.DefaultListableBeanFactory     : Creating shared instance of singleton bean 'projectingArgumentResolverBeanPostProcessor'
2024-09-27T00:33:34.092-03:00 DEBUG 12588 --- [           main] o.s.b.f.s.DefaultListableBeanFactory     : Creating shared instance of singleton bean 'org.springframework.transaction.config.internalTransactionAdvisor'
2024-09-27T00:33:34.092-03:00 DEBUG 12588 --- [           main] o.s.b.f.s.DefaultListableBeanFactory     : Creating shared instance of singleton bean 'org.springframework.transaction.annotation.ProxyTransactionManagementConfiguration'
2024-09-27T00:33:34.107-03:00 DEBUG 12588 --- [           main] o.s.b.f.s.DefaultListableBeanFactory     : Creating shared instance of singleton bean 'transactionAttributeSource'
2024-09-27T00:33:34.107-03:00 DEBUG 12588 --- [           main] o.s.b.f.s.DefaultListableBeanFactory     : Creating shared instance of singleton bean 'transactionInterceptor'
2024-09-27T00:33:34.107-03:00 DEBUG 12588 --- [           main] o.s.b.f.s.DefaultListableBeanFactory     : Autowiring by type from bean name 'transactionInterceptor' via factory method to bean named 'transactionAttributeSource'
2024-09-27T00:33:34.126-03:00 DEBUG 12588 --- [           main] o.s.b.f.s.DefaultListableBeanFactory     : Autowiring by type from bean name 'org.springframework.transaction.config.internalTransactionAdvisor' via factory method to bean named 'transactionAttributeSource'
2024-09-27T00:33:34.126-03:00 DEBUG 12588 --- [           main] o.s.b.f.s.DefaultListableBeanFactory     : Autowiring by type from bean name 'org.springframework.transaction.config.internalTransactionAdvisor' via factory method to bean named 'transactionInterceptor'
2024-09-27T00:33:34.156-03:00 DEBUG 12588 --- [           main] o.s.u.c.s.UiApplicationContextUtils      : Unable to locate ThemeSource with name 'themeSource': using default [org.springframework.ui.context.support.ResourceBundleThemeSource@753fd7a1]
2024-09-27T00:33:34.156-03:00 DEBUG 12588 --- [           main] o.s.b.f.s.DefaultListableBeanFactory     : Creating shared instance of singleton bean 'dataSourceScriptDatabaseInitializer'
2024-09-27T00:33:34.156-03:00 DEBUG 12588 --- [           main] o.s.b.f.s.DefaultListableBeanFactory     : Creating shared instance of singleton bean 'org.springframework.boot.autoconfigure.sql.init.DataSourceInitializationConfiguration'
2024-09-27T00:33:34.156-03:00 DEBUG 12588 --- [           main] o.s.b.f.s.DefaultListableBeanFactory     : Creating shared instance of singleton bean 'dataSource'
2024-09-27T00:33:34.156-03:00 DEBUG 12588 --- [           main] o.s.b.f.s.DefaultListableBeanFactory     : Creating shared instance of singleton bean 'org.springframework.boot.autoconfigure.jdbc.DataSourceConfiguration$Hikari'
2024-09-27T00:33:34.156-03:00 DEBUG 12588 --- [           main] o.s.b.f.s.DefaultListableBeanFactory     : Creating shared instance of singleton bean 'spring.datasource-org.springframework.boot.autoconfigure.jdbc.DataSourceProperties'
2024-09-27T00:33:34.156-03:00 DEBUG 12588 --- [           main] o.s.b.f.s.DefaultListableBeanFactory     : Creating shared instance of singleton bean 'org.springframework.boot.context.properties.BoundConfigurationProperties'
2024-09-27T00:33:34.187-03:00 DEBUG 12588 --- [           main] o.s.b.f.s.DefaultListableBeanFactory     : Creating shared instance of singleton bean 'jdbcConnectionDetails'
2024-09-27T00:33:34.187-03:00 DEBUG 12588 --- [           main] o.s.b.f.s.DefaultListableBeanFactory     : Creating shared instance of singleton bean 'org.springframework.boot.autoconfigure.jdbc.DataSourceAutoConfiguration$PooledDataSourceConfiguration'
2024-09-27T00:33:34.187-03:00 DEBUG 12588 --- [           main] o.s.b.f.s.DefaultListableBeanFactory     : Autowiring by type from bean name 'jdbcConnectionDetails' via factory method to bean named 'spring.datasource-org.springframework.boot.autoconfigure.jdbc.DataSourceProperties'
2024-09-27T00:33:34.187-03:00 DEBUG 12588 --- [           main] o.s.b.f.s.DefaultListableBeanFactory     : Autowiring by type from bean name 'dataSource' via factory method to bean named 'spring.datasource-org.springframework.boot.autoconfigure.jdbc.DataSourceProperties'
2024-09-27T00:33:34.187-03:00 DEBUG 12588 --- [           main] o.s.b.f.s.DefaultListableBeanFactory     : Autowiring by type from bean name 'dataSource' via factory method to bean named 'jdbcConnectionDetails'
2024-09-27T00:33:34.202-03:00 DEBUG 12588 --- [           main] com.zaxxer.hikari.HikariConfig           : Driver class org.mariadb.jdbc.Driver found in Thread context class loader jdk.internal.loader.ClassLoaders$AppClassLoader@73d16e93
2024-09-27T00:33:34.226-03:00 DEBUG 12588 --- [           main] o.s.b.f.s.DefaultListableBeanFactory     : Creating shared instance of singleton bean 'spring.sql.init-org.springframework.boot.autoconfigure.sql.init.SqlInitializationProperties'
2024-09-27T00:33:34.226-03:00 DEBUG 12588 --- [           main] o.s.b.f.s.DefaultListableBeanFactory     : Autowiring by type from bean name 'dataSourceScriptDatabaseInitializer' via factory method to bean named 'dataSource'
2024-09-27T00:33:34.226-03:00 DEBUG 12588 --- [           main] o.s.b.f.s.DefaultListableBeanFactory     : Autowiring by type from bean name 'dataSourceScriptDatabaseInitializer' via factory method to bean named 'spring.sql.init-org.springframework.boot.autoconfigure.sql.init.SqlInitializationProperties'
2024-09-27T00:33:34.234-03:00 DEBUG 12588 --- [           main] o.s.b.f.s.DefaultListableBeanFactory     : Creating shared instance of singleton bean 'entityManagerFactory'
2024-09-27T00:33:34.234-03:00 DEBUG 12588 --- [           main] o.s.b.f.s.DefaultListableBeanFactory     : Creating shared instance of singleton bean 'org.springframework.boot.autoconfigure.orm.jpa.HibernateJpaConfiguration'
2024-09-27T00:33:34.234-03:00 DEBUG 12588 --- [           main] o.s.b.f.s.DefaultListableBeanFactory     : Creating shared instance of singleton bean 'spring.jpa-org.springframework.boot.autoconfigure.orm.jpa.JpaProperties'
2024-09-27T00:33:34.234-03:00 DEBUG 12588 --- [           main] o.s.b.f.s.DefaultListableBeanFactory     : Creating shared instance of singleton bean 'spring.jpa.hibernate-org.springframework.boot.autoconfigure.orm.jpa.HibernateProperties'
2024-09-27T00:33:34.234-03:00 DEBUG 12588 --- [           main] o.s.b.f.s.DefaultListableBeanFactory     : Autowiring by type from bean name 'org.springframework.boot.autoconfigure.orm.jpa.HibernateJpaConfiguration' via constructor to bean named 'dataSource'
2024-09-27T00:33:34.234-03:00 DEBUG 12588 --- [           main] o.s.b.f.s.DefaultListableBeanFactory     : Autowiring by type from bean name 'org.springframework.boot.autoconfigure.orm.jpa.HibernateJpaConfiguration' via constructor to bean named 'spring.jpa-org.springframework.boot.autoconfigure.orm.jpa.JpaProperties'
2024-09-27T00:33:34.234-03:00 DEBUG 12588 --- [           main] o.s.b.f.s.DefaultListableBeanFactory     : Autowiring by type from bean name 'org.springframework.boot.autoconfigure.orm.jpa.HibernateJpaConfiguration' via constructor to bean named 'org.springframework.beans.factory.support.DefaultListableBeanFactory@29d37757'
2024-09-27T00:33:34.234-03:00 DEBUG 12588 --- [           main] o.s.b.f.s.DefaultListableBeanFactory     : Autowiring by type from bean name 'org.springframework.boot.autoconfigure.orm.jpa.HibernateJpaConfiguration' via constructor to bean named 'spring.jpa.hibernate-org.springframework.boot.autoconfigure.orm.jpa.HibernateProperties'
2024-09-27T00:33:34.234-03:00 DEBUG 12588 --- [           main] o.s.b.f.s.DefaultListableBeanFactory     : Creating shared instance of singleton bean 'hikariPoolDataSourceMetadataProvider'
2024-09-27T00:33:34.234-03:00 DEBUG 12588 --- [           main] o.s.b.f.s.DefaultListableBeanFactory     : Creating shared instance of singleton bean 'org.springframework.boot.autoconfigure.jdbc.metadata.DataSourcePoolMetadataProvidersConfiguration$HikariPoolDataSourceMetadataProviderConfiguration'
2024-09-27T00:33:34.249-03:00 DEBUG 12588 --- [           main] o.s.b.f.s.DefaultListableBeanFactory     : Creating shared instance of singleton bean 'entityManagerFactoryBuilder'
2024-09-27T00:33:34.249-03:00 DEBUG 12588 --- [           main] o.s.b.f.s.DefaultListableBeanFactory     : Creating shared instance of singleton bean 'jpaVendorAdapter'
2024-09-27T00:33:34.265-03:00 DEBUG 12588 --- [           main] o.s.b.f.s.DefaultListableBeanFactory     : Autowiring by type from bean name 'entityManagerFactoryBuilder' via factory method to bean named 'jpaVendorAdapter'
2024-09-27T00:33:34.265-03:00 DEBUG 12588 --- [           main] o.s.b.f.s.DefaultListableBeanFactory     : Creating shared instance of singleton bean 'persistenceManagedTypes'
2024-09-27T00:33:34.265-03:00 DEBUG 12588 --- [           main] o.s.b.f.s.DefaultListableBeanFactory     : Autowiring by type from bean name 'persistenceManagedTypes' via factory method to bean named 'org.springframework.beans.factory.support.DefaultListableBeanFactory@29d37757'
2024-09-27T00:33:34.265-03:00 DEBUG 12588 --- [           main] o.s.b.f.s.DefaultListableBeanFactory     : Autowiring by type from bean name 'persistenceManagedTypes' via factory method to bean named 'org.springframework.web.context.support.GenericWebApplicationContext@68ed96ca'
2024-09-27T00:33:34.265-03:00 DEBUG 12588 --- [           main] o.s.b.f.s.DefaultListableBeanFactory     : Autowiring by type from bean name 'entityManagerFactory' via factory method to bean named 'entityManagerFactoryBuilder'
2024-09-27T00:33:34.265-03:00 DEBUG 12588 --- [           main] o.s.b.f.s.DefaultListableBeanFactory     : Autowiring by type from bean name 'entityManagerFactory' via factory method to bean named 'persistenceManagedTypes'
2024-09-27T00:33:34.281-03:00 DEBUG 12588 --- [           main] o.s.jdbc.datasource.DataSourceUtils      : Fetching JDBC Connection from DataSource
2024-09-27T00:33:34.281-03:00 DEBUG 12588 --- [           main] com.zaxxer.hikari.HikariConfig           : HikariPool-1 - configuration:
2024-09-27T00:33:34.281-03:00 DEBUG 12588 --- [           main] com.zaxxer.hikari.HikariConfig           : allowPoolSuspension.............false
2024-09-27T00:33:34.281-03:00 DEBUG 12588 --- [           main] com.zaxxer.hikari.HikariConfig           : autoCommit......................true
2024-09-27T00:33:34.281-03:00 DEBUG 12588 --- [           main] com.zaxxer.hikari.HikariConfig           : catalog.........................none
2024-09-27T00:33:34.281-03:00 DEBUG 12588 --- [           main] com.zaxxer.hikari.HikariConfig           : connectionInitSql...............none
2024-09-27T00:33:34.281-03:00 DEBUG 12588 --- [           main] com.zaxxer.hikari.HikariConfig           : connectionTestQuery.............none
2024-09-27T00:33:34.281-03:00 DEBUG 12588 --- [           main] com.zaxxer.hikari.HikariConfig           : connectionTimeout...............30000
2024-09-27T00:33:34.281-03:00 DEBUG 12588 --- [           main] com.zaxxer.hikari.HikariConfig           : dataSource......................none
2024-09-27T00:33:34.281-03:00 DEBUG 12588 --- [           main] com.zaxxer.hikari.HikariConfig           : dataSourceClassName.............none
2024-09-27T00:33:34.281-03:00 DEBUG 12588 --- [           main] com.zaxxer.hikari.HikariConfig           : dataSourceJNDI..................none
2024-09-27T00:33:34.281-03:00 DEBUG 12588 --- [           main] com.zaxxer.hikari.HikariConfig           : dataSourceProperties............{password=<masked>}
2024-09-27T00:33:34.281-03:00 DEBUG 12588 --- [           main] com.zaxxer.hikari.HikariConfig           : driverClassName................."org.mariadb.jdbc.Driver"
2024-09-27T00:33:34.281-03:00 DEBUG 12588 --- [           main] com.zaxxer.hikari.HikariConfig           : exceptionOverrideClassName......none
2024-09-27T00:33:34.281-03:00 DEBUG 12588 --- [           main] com.zaxxer.hikari.HikariConfig           : healthCheckProperties...........{}
2024-09-27T00:33:34.281-03:00 DEBUG 12588 --- [           main] com.zaxxer.hikari.HikariConfig           : healthCheckRegistry.............none
2024-09-27T00:33:34.281-03:00 DEBUG 12588 --- [           main] com.zaxxer.hikari.HikariConfig           : idleTimeout.....................600000
2024-09-27T00:33:34.281-03:00 DEBUG 12588 --- [           main] com.zaxxer.hikari.HikariConfig           : initializationFailTimeout.......1
2024-09-27T00:33:34.281-03:00 DEBUG 12588 --- [           main] com.zaxxer.hikari.HikariConfig           : isolateInternalQueries..........false
2024-09-27T00:33:34.281-03:00 DEBUG 12588 --- [           main] com.zaxxer.hikari.HikariConfig           : jdbcUrl.........................jdbc:mariadb://localhost:3306/TrabalhoFinalIPOO?createDatabaseIfNotExist=true&serverTimezone=UTC
2024-09-27T00:33:34.281-03:00 DEBUG 12588 --- [           main] com.zaxxer.hikari.HikariConfig           : keepaliveTime...................0
2024-09-27T00:33:34.281-03:00 DEBUG 12588 --- [           main] com.zaxxer.hikari.HikariConfig           : leakDetectionThreshold..........0
2024-09-27T00:33:34.281-03:00 DEBUG 12588 --- [           main] com.zaxxer.hikari.HikariConfig           : maxLifetime.....................1800000
2024-09-27T00:33:34.281-03:00 DEBUG 12588 --- [           main] com.zaxxer.hikari.HikariConfig           : maximumPoolSize.................10
2024-09-27T00:33:34.281-03:00 DEBUG 12588 --- [           main] com.zaxxer.hikari.HikariConfig           : metricRegistry..................none
2024-09-27T00:33:34.281-03:00 DEBUG 12588 --- [           main] com.zaxxer.hikari.HikariConfig           : metricsTrackerFactory...........none
2024-09-27T00:33:34.281-03:00 DEBUG 12588 --- [           main] com.zaxxer.hikari.HikariConfig           : minimumIdle.....................10
2024-09-27T00:33:34.281-03:00 DEBUG 12588 --- [           main] com.zaxxer.hikari.HikariConfig           : password........................<masked>
2024-09-27T00:33:34.281-03:00 DEBUG 12588 --- [           main] com.zaxxer.hikari.HikariConfig           : poolName........................"HikariPool-1"
2024-09-27T00:33:34.281-03:00 DEBUG 12588 --- [           main] com.zaxxer.hikari.HikariConfig           : readOnly........................false
2024-09-27T00:33:34.281-03:00 DEBUG 12588 --- [           main] com.zaxxer.hikari.HikariConfig           : registerMbeans..................false
2024-09-27T00:33:34.281-03:00 DEBUG 12588 --- [           main] com.zaxxer.hikari.HikariConfig           : scheduledExecutor...............none
2024-09-27T00:33:34.281-03:00 DEBUG 12588 --- [           main] com.zaxxer.hikari.HikariConfig           : schema..........................none
2024-09-27T00:33:34.281-03:00 DEBUG 12588 --- [           main] com.zaxxer.hikari.HikariConfig           : threadFactory...................internal
2024-09-27T00:33:34.281-03:00 DEBUG 12588 --- [           main] com.zaxxer.hikari.HikariConfig           : transactionIsolation............default
2024-09-27T00:33:34.281-03:00 DEBUG 12588 --- [           main] com.zaxxer.hikari.HikariConfig           : username........................"root"
2024-09-27T00:33:34.281-03:00 DEBUG 12588 --- [           main] com.zaxxer.hikari.HikariConfig           : validationTimeout...............5000
2024-09-27T00:33:34.281-03:00  INFO 12588 --- [           main] com.zaxxer.hikari.HikariDataSource       : HikariPool-1 - Starting...
2024-09-27T00:33:34.407-03:00 DEBUG 12588 --- [           main] o.m.jdbc.client.impl.StandardClient      : execute query: CREATE DATABASE IF NOT EXISTS `TrabalhoFinalIPOO`
2024-09-27T00:33:34.407-03:00 DEBUG 12588 --- [           main] o.m.jdbc.client.impl.StandardClient      : execute query: USE `TrabalhoFinalIPOO`
2024-09-27T00:33:34.407-03:00 DEBUG 12588 --- [           main] o.mariadb.jdbc.message.server.OkPacket   : Database change: is 'trabalhofinalipoo'
2024-09-27T00:33:34.438-03:00 DEBUG 12588 --- [           main] o.m.jdbc.client.impl.StandardClient      : execute query: SELECT @@tx_isolation
2024-09-27T00:33:34.438-03:00  INFO 12588 --- [           main] com.zaxxer.hikari.pool.HikariPool        : HikariPool-1 - Added connection org.mariadb.jdbc.Connection@545b5ed0
2024-09-27T00:33:34.438-03:00  INFO 12588 --- [           main] com.zaxxer.hikari.HikariDataSource       : HikariPool-1 - Start completed.
2024-09-27T00:33:34.470-03:00 DEBUG 12588 --- [           main] j.LocalContainerEntityManagerFactoryBean : Building JPA container EntityManagerFactory for persistence unit 'default'
2024-09-27T00:33:34.486-03:00 DEBUG 12588 --- [           main] o.hibernate.jpa.internal.util.LogHelper  : PersistenceUnitInfo [
	name: default
	persistence provider classname: null
	classloader: jdk.internal.loader.ClassLoaders$AppClassLoader@73d16e93
	excludeUnlistedClasses: true
	JTA datasource: null
	Non JTA datasource: HikariDataSource (HikariPool-1)
	Transaction type: RESOURCE_LOCAL
	PU root URL: file:/C:/Users/kauar/IdeaProjects/TrabalhoFinalPOO/target/test-classes/
	Shared Cache Mode: UNSPECIFIED
	Validation Mode: AUTO
	Jar files URLs []
	Managed classes names [
		br.com.estudoskaua.trabalhofinalpoo.domain.model.Cliente
		br.com.estudoskaua.trabalhofinalpoo.domain.model.Lance
		br.com.estudoskaua.trabalhofinalpoo.domain.model.Leilao
		br.com.estudoskaua.trabalhofinalpoo.domain.model.Produto]
	Mapping files names []
	Properties []
2024-09-27T00:33:34.503-03:00 DEBUG 12588 --- [           main] o.h.i.internal.IntegratorServiceImpl     : Adding Integrator [org.hibernate.boot.beanvalidation.BeanValidationIntegrator].
2024-09-27T00:33:34.503-03:00 DEBUG 12588 --- [           main] o.h.i.internal.IntegratorServiceImpl     : Adding Integrator [org.hibernate.cache.internal.CollectionCacheInvalidator].
2024-09-27T00:33:34.549-03:00 DEBUG 12588 --- [l-1 housekeeper] com.zaxxer.hikari.pool.HikariPool        : HikariPool-1 - Pool stats (total=1, active=0, idle=1, waiting=0)
2024-09-27T00:33:34.549-03:00 DEBUG 12588 --- [onnection adder] o.m.jdbc.client.impl.StandardClient      : execute query: CREATE DATABASE IF NOT EXISTS `TrabalhoFinalIPOO`
2024-09-27T00:33:34.549-03:00 DEBUG 12588 --- [onnection adder] o.m.jdbc.client.impl.StandardClient      : execute query: USE `TrabalhoFinalIPOO`
2024-09-27T00:33:34.549-03:00 DEBUG 12588 --- [onnection adder] o.mariadb.jdbc.message.server.OkPacket   : Database change: is 'trabalhofinalipoo'
2024-09-27T00:33:34.549-03:00 DEBUG 12588 --- [onnection adder] com.zaxxer.hikari.pool.HikariPool        : HikariPool-1 - Added connection org.mariadb.jdbc.Connection@1f7f8474
2024-09-27T00:33:34.565-03:00  INFO 12588 --- [           main] org.hibernate.Version                    : HHH000412: Hibernate ORM core version 6.5.2.Final
2024-09-27T00:33:34.565-03:00 DEBUG 12588 --- [           main] org.hibernate.cfg.Environment            : HHH000206: 'hibernate.properties' not found
2024-09-27T00:33:34.585-03:00 DEBUG 12588 --- [onnection adder] com.zaxxer.hikari.pool.HikariPool        : HikariPool-1 - After adding stats (total=2, active=0, idle=2, waiting=0)
2024-09-27T00:33:34.585-03:00 DEBUG 12588 --- [onnection adder] o.m.jdbc.client.impl.StandardClient      : execute query: CREATE DATABASE IF NOT EXISTS `TrabalhoFinalIPOO`
2024-09-27T00:33:34.585-03:00 DEBUG 12588 --- [onnection adder] o.m.jdbc.client.impl.StandardClient      : execute query: USE `TrabalhoFinalIPOO`
2024-09-27T00:33:34.585-03:00 DEBUG 12588 --- [onnection adder] o.mariadb.jdbc.message.server.OkPacket   : Database change: is 'trabalhofinalipoo'
2024-09-27T00:33:34.585-03:00 DEBUG 12588 --- [onnection adder] com.zaxxer.hikari.pool.HikariPool        : HikariPool-1 - Added connection org.mariadb.jdbc.Connection@4afa0b6f
2024-09-27T00:33:34.600-03:00 DEBUG 12588 --- [           main] org.hibernate.orm.idgen.factory          : Registering IdentifierGenerator strategy [uuid2] -> [org.hibernate.id.UUIDGenerator]
2024-09-27T00:33:34.600-03:00 DEBUG 12588 --- [           main] org.hibernate.orm.idgen.factory          : Registering IdentifierGenerator strategy [guid] -> [org.hibernate.id.GUIDGenerator]
2024-09-27T00:33:34.600-03:00 DEBUG 12588 --- [           main] org.hibernate.orm.idgen.factory          : Registering IdentifierGenerator strategy [uuid] -> [org.hibernate.id.UUIDHexGenerator]
2024-09-27T00:33:34.600-03:00 DEBUG 12588 --- [           main] org.hibernate.orm.idgen.factory          : Registering IdentifierGenerator strategy [uuid.hex] -> [org.hibernate.id.UUIDHexGenerator]
2024-09-27T00:33:34.600-03:00 DEBUG 12588 --- [           main] org.hibernate.orm.idgen.factory          : Registering IdentifierGenerator strategy [assigned] -> [org.hibernate.id.Assigned]
2024-09-27T00:33:34.600-03:00 DEBUG 12588 --- [           main] org.hibernate.orm.idgen.factory          : Registering IdentifierGenerator strategy [identity] -> [org.hibernate.id.IdentityGenerator]
2024-09-27T00:33:34.600-03:00 DEBUG 12588 --- [           main] org.hibernate.orm.idgen.factory          : Registering IdentifierGenerator strategy [select] -> [org.hibernate.id.SelectGenerator]
2024-09-27T00:33:34.600-03:00 DEBUG 12588 --- [           main] org.hibernate.orm.idgen.factory          : Registering IdentifierGenerator strategy [sequence] -> [org.hibernate.id.enhanced.SequenceStyleGenerator]
2024-09-27T00:33:34.600-03:00 DEBUG 12588 --- [           main] org.hibernate.orm.idgen.factory          : Registering IdentifierGenerator strategy [increment] -> [org.hibernate.id.IncrementGenerator]
2024-09-27T00:33:34.600-03:00 DEBUG 12588 --- [           main] org.hibernate.orm.idgen.factory          : Registering IdentifierGenerator strategy [foreign] -> [org.hibernate.id.ForeignGenerator]
2024-09-27T00:33:34.600-03:00 DEBUG 12588 --- [           main] org.hibernate.orm.idgen.factory          : Registering IdentifierGenerator strategy [enhanced-sequence] -> [org.hibernate.id.enhanced.SequenceStyleGenerator]
2024-09-27T00:33:34.600-03:00 DEBUG 12588 --- [           main] org.hibernate.orm.idgen.factory          : Registering IdentifierGenerator strategy [enhanced-table] -> [org.hibernate.id.enhanced.TableGenerator]
2024-09-27T00:33:34.600-03:00 DEBUG 12588 --- [           main] o.h.c.internal.RegionFactoryInitiator    : Cannot default RegionFactory based on registered strategies as `[]` RegionFactory strategies were registered
2024-09-27T00:33:34.600-03:00  INFO 12588 --- [           main] o.h.c.internal.RegionFactoryInitiator    : HHH000026: Second-level cache disabled
2024-09-27T00:33:34.620-03:00 DEBUG 12588 --- [onnection adder] com.zaxxer.hikari.pool.HikariPool        : HikariPool-1 - After adding stats (total=3, active=0, idle=3, waiting=0)
2024-09-27T00:33:34.621-03:00 DEBUG 12588 --- [onnection adder] o.m.jdbc.client.impl.StandardClient      : execute query: CREATE DATABASE IF NOT EXISTS `TrabalhoFinalIPOO`
2024-09-27T00:33:34.621-03:00 DEBUG 12588 --- [onnection adder] o.m.jdbc.client.impl.StandardClient      : execute query: USE `TrabalhoFinalIPOO`
2024-09-27T00:33:34.621-03:00 DEBUG 12588 --- [onnection adder] o.mariadb.jdbc.message.server.OkPacket   : Database change: is 'trabalhofinalipoo'
2024-09-27T00:33:34.621-03:00 DEBUG 12588 --- [onnection adder] com.zaxxer.hikari.pool.HikariPool        : HikariPool-1 - Added connection org.mariadb.jdbc.Connection@44e36550
2024-09-27T00:33:34.656-03:00 DEBUG 12588 --- [onnection adder] com.zaxxer.hikari.pool.HikariPool        : HikariPool-1 - After adding stats (total=4, active=0, idle=4, waiting=0)
2024-09-27T00:33:34.656-03:00 DEBUG 12588 --- [onnection adder] o.m.jdbc.client.impl.StandardClient      : execute query: CREATE DATABASE IF NOT EXISTS `TrabalhoFinalIPOO`
2024-09-27T00:33:34.656-03:00 DEBUG 12588 --- [onnection adder] o.m.jdbc.client.impl.StandardClient      : execute query: USE `TrabalhoFinalIPOO`
2024-09-27T00:33:34.656-03:00 DEBUG 12588 --- [onnection adder] o.mariadb.jdbc.message.server.OkPacket   : Database change: is 'trabalhofinalipoo'
2024-09-27T00:33:34.656-03:00 DEBUG 12588 --- [onnection adder] com.zaxxer.hikari.pool.HikariPool        : HikariPool-1 - Added connection org.mariadb.jdbc.Connection@41da61d2
2024-09-27T00:33:34.692-03:00 DEBUG 12588 --- [onnection adder] com.zaxxer.hikari.pool.HikariPool        : HikariPool-1 - After adding stats (total=5, active=0, idle=5, waiting=0)
2024-09-27T00:33:34.692-03:00 DEBUG 12588 --- [onnection adder] o.m.jdbc.client.impl.StandardClient      : execute query: CREATE DATABASE IF NOT EXISTS `TrabalhoFinalIPOO`
2024-09-27T00:33:34.692-03:00 DEBUG 12588 --- [onnection adder] o.m.jdbc.client.impl.StandardClient      : execute query: USE `TrabalhoFinalIPOO`
2024-09-27T00:33:34.692-03:00 DEBUG 12588 --- [onnection adder] o.mariadb.jdbc.message.server.OkPacket   : Database change: is 'trabalhofinalipoo'
2024-09-27T00:33:34.692-03:00 DEBUG 12588 --- [onnection adder] com.zaxxer.hikari.pool.HikariPool        : HikariPool-1 - Added connection org.mariadb.jdbc.Connection@7271dc28
2024-09-27T00:33:34.736-03:00 DEBUG 12588 --- [onnection adder] com.zaxxer.hikari.pool.HikariPool        : HikariPool-1 - After adding stats (total=6, active=0, idle=6, waiting=0)
2024-09-27T00:33:34.748-03:00 DEBUG 12588 --- [onnection adder] o.m.jdbc.client.impl.StandardClient      : execute query: CREATE DATABASE IF NOT EXISTS `TrabalhoFinalIPOO`
2024-09-27T00:33:34.748-03:00 DEBUG 12588 --- [onnection adder] o.m.jdbc.client.impl.StandardClient      : execute query: USE `TrabalhoFinalIPOO`
2024-09-27T00:33:34.748-03:00 DEBUG 12588 --- [onnection adder] o.mariadb.jdbc.message.server.OkPacket   : Database change: is 'trabalhofinalipoo'
2024-09-27T00:33:34.748-03:00 DEBUG 12588 --- [onnection adder] com.zaxxer.hikari.pool.HikariPool        : HikariPool-1 - Added connection org.mariadb.jdbc.Connection@1dac5b17
2024-09-27T00:33:34.768-03:00 DEBUG 12588 --- [           main] org.hibernate.type.BasicTypeRegistry     : Adding type registration boolean -> org.hibernate.type.BasicTypeReference@3dfd6220
2024-09-27T00:33:34.768-03:00 DEBUG 12588 --- [           main] org.hibernate.type.BasicTypeRegistry     : Adding type registration boolean -> org.hibernate.type.BasicTypeReference@3dfd6220
2024-09-27T00:33:34.768-03:00 DEBUG 12588 --- [           main] org.hibernate.type.BasicTypeRegistry     : Adding type registration java.lang.Boolean -> org.hibernate.type.BasicTypeReference@3dfd6220
2024-09-27T00:33:34.768-03:00 DEBUG 12588 --- [           main] org.hibernate.type.BasicTypeRegistry     : Adding type registration numeric_boolean -> org.hibernate.type.BasicTypeReference@3815146b
2024-09-27T00:33:34.768-03:00 DEBUG 12588 --- [           main] org.hibernate.type.BasicTypeRegistry     : Adding type registration org.hibernate.type.NumericBooleanConverter -> org.hibernate.type.BasicTypeReference@3815146b
2024-09-27T00:33:34.768-03:00 DEBUG 12588 --- [           main] org.hibernate.type.BasicTypeRegistry     : Adding type registration true_false -> org.hibernate.type.BasicTypeReference@6de43bc1
2024-09-27T00:33:34.768-03:00 DEBUG 12588 --- [           main] org.hibernate.type.BasicTypeRegistry     : Adding type registration org.hibernate.type.TrueFalseConverter -> org.hibernate.type.BasicTypeReference@6de43bc1
2024-09-27T00:33:34.768-03:00 DEBUG 12588 --- [           main] org.hibernate.type.BasicTypeRegistry     : Adding type registration yes_no -> org.hibernate.type.BasicTypeReference@27a9f025
2024-09-27T00:33:34.768-03:00 DEBUG 12588 --- [           main] org.hibernate.type.BasicTypeRegistry     : Adding type registration org.hibernate.type.YesNoConverter -> org.hibernate.type.BasicTypeReference@27a9f025
2024-09-27T00:33:34.768-03:00 DEBUG 12588 --- [           main] org.hibernate.type.BasicTypeRegistry     : Adding type registration byte -> org.hibernate.type.BasicTypeReference@71936a92
2024-09-27T00:33:34.768-03:00 DEBUG 12588 --- [           main] org.hibernate.type.BasicTypeRegistry     : Adding type registration byte -> org.hibernate.type.BasicTypeReference@71936a92
2024-09-27T00:33:34.768-03:00 DEBUG 12588 --- [           main] org.hibernate.type.BasicTypeRegistry     : Adding type registration java.lang.Byte -> org.hibernate.type.BasicTypeReference@71936a92
2024-09-27T00:33:34.768-03:00 DEBUG 12588 --- [           main] org.hibernate.type.BasicTypeRegistry     : Adding type registration binary -> org.hibernate.type.BasicTypeReference@61359e87
2024-09-27T00:33:34.768-03:00 DEBUG 12588 --- [           main] org.hibernate.type.BasicTypeRegistry     : Adding type registration byte[] -> org.hibernate.type.BasicTypeReference@61359e87
2024-09-27T00:33:34.768-03:00 DEBUG 12588 --- [           main] org.hibernate.type.BasicTypeRegistry     : Adding type registration [B -> org.hibernate.type.BasicTypeReference@61359e87
2024-09-27T00:33:34.768-03:00 DEBUG 12588 --- [           main] org.hibernate.type.BasicTypeRegistry     : Adding type registration binary_wrapper -> org.hibernate.type.BasicTypeReference@2dc39b53
2024-09-27T00:33:34.768-03:00 DEBUG 12588 --- [           main] org.hibernate.type.BasicTypeRegistry     : Adding type registration wrapper-binary -> org.hibernate.type.BasicTypeReference@2dc39b53
2024-09-27T00:33:34.768-03:00 DEBUG 12588 --- [           main] org.hibernate.type.BasicTypeRegistry     : Adding type registration image -> org.hibernate.type.BasicTypeReference@45037e16
2024-09-27T00:33:34.768-03:00 DEBUG 12588 --- [           main] org.hibernate.type.BasicTypeRegistry     : Adding type registration blob -> org.hibernate.type.BasicTypeReference@2f2e4bde
2024-09-27T00:33:34.768-03:00 DEBUG 12588 --- [           main] org.hibernate.type.BasicTypeRegistry     : Adding type registration java.sql.Blob -> org.hibernate.type.BasicTypeReference@2f2e4bde
2024-09-27T00:33:34.768-03:00 DEBUG 12588 --- [           main] org.hibernate.type.BasicTypeRegistry     : Adding type registration materialized_blob -> org.hibernate.type.BasicTypeReference@6222391a
2024-09-27T00:33:34.768-03:00 DEBUG 12588 --- [           main] org.hibernate.type.BasicTypeRegistry     : Adding type registration materialized_blob_wrapper -> org.hibernate.type.BasicTypeReference@538a2f0e
2024-09-27T00:33:34.768-03:00 DEBUG 12588 --- [           main] org.hibernate.type.BasicTypeRegistry     : Adding type registration short -> org.hibernate.type.BasicTypeReference@d2708a7
2024-09-27T00:33:34.768-03:00 DEBUG 12588 --- [           main] org.hibernate.type.BasicTypeRegistry     : Adding type registration short -> org.hibernate.type.BasicTypeReference@d2708a7
2024-09-27T00:33:34.768-03:00 DEBUG 12588 --- [           main] org.hibernate.type.BasicTypeRegistry     : Adding type registration java.lang.Short -> org.hibernate.type.BasicTypeReference@d2708a7
2024-09-27T00:33:34.768-03:00 DEBUG 12588 --- [           main] org.hibernate.type.BasicTypeRegistry     : Adding type registration integer -> org.hibernate.type.BasicTypeReference@508ad266
2024-09-27T00:33:34.768-03:00 DEBUG 12588 --- [           main] org.hibernate.type.BasicTypeRegistry     : Adding type registration int -> org.hibernate.type.BasicTypeReference@508ad266
2024-09-27T00:33:34.768-03:00 DEBUG 12588 --- [           main] org.hibernate.type.BasicTypeRegistry     : Adding type registration java.lang.Integer -> org.hibernate.type.BasicTypeReference@508ad266
2024-09-27T00:33:34.768-03:00 DEBUG 12588 --- [           main] org.hibernate.type.BasicTypeRegistry     : Adding type registration long -> org.hibernate.type.BasicTypeReference@2313db84
2024-09-27T00:33:34.768-03:00 DEBUG 12588 --- [           main] org.hibernate.type.BasicTypeRegistry     : Adding type registration long -> org.hibernate.type.BasicTypeReference@2313db84
2024-09-27T00:33:34.768-03:00 DEBUG 12588 --- [           main] org.hibernate.type.BasicTypeRegistry     : Adding type registration java.lang.Long -> org.hibernate.type.BasicTypeReference@2313db84
2024-09-27T00:33:34.768-03:00 DEBUG 12588 --- [           main] org.hibernate.type.BasicTypeRegistry     : Adding type registration float -> org.hibernate.type.BasicTypeReference@216372b7
2024-09-27T00:33:34.768-03:00 DEBUG 12588 --- [           main] org.hibernate.type.BasicTypeRegistry     : Adding type registration float -> org.hibernate.type.BasicTypeReference@216372b7
2024-09-27T00:33:34.768-03:00 DEBUG 12588 --- [           main] org.hibernate.type.BasicTypeRegistry     : Adding type registration java.lang.Float -> org.hibernate.type.BasicTypeReference@216372b7
2024-09-27T00:33:34.768-03:00 DEBUG 12588 --- [           main] org.hibernate.type.BasicTypeRegistry     : Adding type registration double -> org.hibernate.type.BasicTypeReference@14b4340c
2024-09-27T00:33:34.768-03:00 DEBUG 12588 --- [           main] org.hibernate.type.BasicTypeRegistry     : Adding type registration double -> org.hibernate.type.BasicTypeReference@14b4340c
2024-09-27T00:33:34.768-03:00 DEBUG 12588 --- [           main] org.hibernate.type.BasicTypeRegistry     : Adding type registration java.lang.Double -> org.hibernate.type.BasicTypeReference@14b4340c
2024-09-27T00:33:34.768-03:00 DEBUG 12588 --- [           main] org.hibernate.type.BasicTypeRegistry     : Adding type registration big_integer -> org.hibernate.type.BasicTypeReference@12abcd1e
2024-09-27T00:33:34.768-03:00 DEBUG 12588 --- [           main] org.hibernate.type.BasicTypeRegistry     : Adding type registration java.math.BigInteger -> org.hibernate.type.BasicTypeReference@12abcd1e
2024-09-27T00:33:34.768-03:00 DEBUG 12588 --- [           main] org.hibernate.type.BasicTypeRegistry     : Adding type registration big_decimal -> org.hibernate.type.BasicTypeReference@2fd9fb34
2024-09-27T00:33:34.768-03:00 DEBUG 12588 --- [           main] org.hibernate.type.BasicTypeRegistry     : Adding type registration java.math.BigDecimal -> org.hibernate.type.BasicTypeReference@2fd9fb34
2024-09-27T00:33:34.768-03:00 DEBUG 12588 --- [           main] org.hibernate.type.BasicTypeRegistry     : Adding type registration character -> org.hibernate.type.BasicTypeReference@1595d2b2
2024-09-27T00:33:34.768-03:00 DEBUG 12588 --- [           main] org.hibernate.type.BasicTypeRegistry     : Adding type registration char -> org.hibernate.type.BasicTypeReference@1595d2b2
2024-09-27T00:33:34.768-03:00 DEBUG 12588 --- [           main] org.hibernate.type.BasicTypeRegistry     : Adding type registration java.lang.Character -> org.hibernate.type.BasicTypeReference@1595d2b2
2024-09-27T00:33:34.768-03:00 DEBUG 12588 --- [           main] org.hibernate.type.BasicTypeRegistry     : Adding type registration character_nchar -> org.hibernate.type.BasicTypeReference@20349058
2024-09-27T00:33:34.768-03:00 DEBUG 12588 --- [           main] org.hibernate.type.BasicTypeRegistry     : Adding type registration string -> org.hibernate.type.BasicTypeReference@6cbb7a7d
2024-09-27T00:33:34.768-03:00 DEBUG 12588 --- [           main] org.hibernate.type.BasicTypeRegistry     : Adding type registration java.lang.String -> org.hibernate.type.BasicTypeReference@6cbb7a7d
2024-09-27T00:33:34.768-03:00 DEBUG 12588 --- [           main] org.hibernate.type.BasicTypeRegistry     : Adding type registration nstring -> org.hibernate.type.BasicTypeReference@cdb3c85
2024-09-27T00:33:34.768-03:00 DEBUG 12588 --- [           main] org.hibernate.type.BasicTypeRegistry     : Adding type registration characters -> org.hibernate.type.BasicTypeReference@37606fee
2024-09-27T00:33:34.768-03:00 DEBUG 12588 --- [           main] org.hibernate.type.BasicTypeRegistry     : Adding type registration char[] -> org.hibernate.type.BasicTypeReference@37606fee
2024-09-27T00:33:34.768-03:00 DEBUG 12588 --- [           main] org.hibernate.type.BasicTypeRegistry     : Adding type registration [C -> org.hibernate.type.BasicTypeReference@37606fee
2024-09-27T00:33:34.768-03:00 DEBUG 12588 --- [           main] org.hibernate.type.BasicTypeRegistry     : Adding type registration wrapper-characters -> org.hibernate.type.BasicTypeReference@33d28f0a
2024-09-27T00:33:34.768-03:00 DEBUG 12588 --- [           main] org.hibernate.type.BasicTypeRegistry     : Adding type registration text -> org.hibernate.type.BasicTypeReference@48d739f
2024-09-27T00:33:34.768-03:00 DEBUG 12588 --- [           main] org.hibernate.type.BasicTypeRegistry     : Adding type registration ntext -> org.hibernate.type.BasicTypeReference@51e7589f
2024-09-27T00:33:34.768-03:00 DEBUG 12588 --- [           main] org.hibernate.type.BasicTypeRegistry     : Adding type registration clob -> org.hibernate.type.BasicTypeReference@65cc5252
2024-09-27T00:33:34.768-03:00 DEBUG 12588 --- [           main] org.hibernate.type.BasicTypeRegistry     : Adding type registration java.sql.Clob -> org.hibernate.type.BasicTypeReference@65cc5252
2024-09-27T00:33:34.768-03:00 DEBUG 12588 --- [           main] org.hibernate.type.BasicTypeRegistry     : Adding type registration nclob -> org.hibernate.type.BasicTypeReference@42c12b3e
2024-09-27T00:33:34.768-03:00 DEBUG 12588 --- [           main] org.hibernate.type.BasicTypeRegistry     : Adding type registration java.sql.NClob -> org.hibernate.type.BasicTypeReference@42c12b3e
2024-09-27T00:33:34.768-03:00 DEBUG 12588 --- [           main] org.hibernate.type.BasicTypeRegistry     : Adding type registration materialized_clob -> org.hibernate.type.BasicTypeReference@2dbfa972
2024-09-27T00:33:34.768-03:00 DEBUG 12588 --- [           main] org.hibernate.type.BasicTypeRegistry     : Adding type registration materialized_clob_char_array -> org.hibernate.type.BasicTypeReference@46f73ffa
2024-09-27T00:33:34.768-03:00 DEBUG 12588 --- [           main] org.hibernate.type.BasicTypeRegistry     : Adding type registration materialized_clob_character_array -> org.hibernate.type.BasicTypeReference@41aebbb4
2024-09-27T00:33:34.768-03:00 DEBUG 12588 --- [           main] org.hibernate.type.BasicTypeRegistry     : Adding type registration materialized_nclob -> org.hibernate.type.BasicTypeReference@afde064
2024-09-27T00:33:34.768-03:00 DEBUG 12588 --- [           main] org.hibernate.type.BasicTypeRegistry     : Adding type registration materialized_nclob_character_array -> org.hibernate.type.BasicTypeReference@5a592c70
2024-09-27T00:33:34.768-03:00 DEBUG 12588 --- [           main] org.hibernate.type.BasicTypeRegistry     : Adding type registration materialized_nclob_char_array -> org.hibernate.type.BasicTypeReference@252ec02e
2024-09-27T00:33:34.768-03:00 DEBUG 12588 --- [           main] org.hibernate.type.BasicTypeRegistry     : Adding type registration Duration -> org.hibernate.type.BasicTypeReference@11e9ac24
2024-09-27T00:33:34.768-03:00 DEBUG 12588 --- [           main] org.hibernate.type.BasicTypeRegistry     : Adding type registration java.time.Duration -> org.hibernate.type.BasicTypeReference@11e9ac24
2024-09-27T00:33:34.768-03:00 DEBUG 12588 --- [           main] org.hibernate.type.BasicTypeRegistry     : Adding type registration LocalDateTime -> org.hibernate.type.BasicTypeReference@74f280bd
2024-09-27T00:33:34.768-03:00 DEBUG 12588 --- [           main] org.hibernate.type.BasicTypeRegistry     : Adding type registration java.time.LocalDateTime -> org.hibernate.type.BasicTypeReference@74f280bd
2024-09-27T00:33:34.768-03:00 DEBUG 12588 --- [           main] org.hibernate.type.BasicTypeRegistry     : Adding type registration LocalDate -> org.hibernate.type.BasicTypeReference@675b18ff
2024-09-27T00:33:34.768-03:00 DEBUG 12588 --- [           main] org.hibernate.type.BasicTypeRegistry     : Adding type registration java.time.LocalDate -> org.hibernate.type.BasicTypeReference@675b18ff
2024-09-27T00:33:34.768-03:00 DEBUG 12588 --- [           main] org.hibernate.type.BasicTypeRegistry     : Adding type registration LocalTime -> org.hibernate.type.BasicTypeReference@34279b8a
2024-09-27T00:33:34.768-03:00 DEBUG 12588 --- [           main] org.hibernate.type.BasicTypeRegistry     : Adding type registration java.time.LocalTime -> org.hibernate.type.BasicTypeReference@34279b8a
2024-09-27T00:33:34.768-03:00 DEBUG 12588 --- [           main] org.hibernate.type.BasicTypeRegistry     : Adding type registration OffsetDateTime -> org.hibernate.type.BasicTypeReference@687389a6
2024-09-27T00:33:34.768-03:00 DEBUG 12588 --- [           main] org.hibernate.type.BasicTypeRegistry     : Adding type registration java.time.OffsetDateTime -> org.hibernate.type.BasicTypeReference@687389a6
2024-09-27T00:33:34.768-03:00 DEBUG 12588 --- [           main] org.hibernate.type.BasicTypeRegistry     : Adding type registration OffsetDateTimeWithTimezone -> org.hibernate.type.BasicTypeReference@8641b7d
2024-09-27T00:33:34.768-03:00 DEBUG 12588 --- [           main] org.hibernate.type.BasicTypeRegistry     : Adding type registration OffsetDateTimeWithoutTimezone -> org.hibernate.type.BasicTypeReference@37c7766e
2024-09-27T00:33:34.768-03:00 DEBUG 12588 --- [           main] org.hibernate.type.BasicTypeRegistry     : Adding type registration OffsetTime -> org.hibernate.type.BasicTypeReference@3fb450d7
2024-09-27T00:33:34.768-03:00 DEBUG 12588 --- [           main] org.hibernate.type.BasicTypeRegistry     : Adding type registration java.time.OffsetTime -> org.hibernate.type.BasicTypeReference@3fb450d7
2024-09-27T00:33:34.768-03:00 DEBUG 12588 --- [           main] org.hibernate.type.BasicTypeRegistry     : Adding type registration OffsetTimeUtc -> org.hibernate.type.BasicTypeReference@4b7ed03e
2024-09-27T00:33:34.768-03:00 DEBUG 12588 --- [           main] org.hibernate.type.BasicTypeRegistry     : Adding type registration OffsetTimeWithTimezone -> org.hibernate.type.BasicTypeReference@636985df
2024-09-27T00:33:34.768-03:00 DEBUG 12588 --- [           main] org.hibernate.type.BasicTypeRegistry     : Adding type registration OffsetTimeWithoutTimezone -> org.hibernate.type.BasicTypeReference@6f91fbda
2024-09-27T00:33:34.768-03:00 DEBUG 12588 --- [           main] org.hibernate.type.BasicTypeRegistry     : Adding type registration ZonedDateTime -> org.hibernate.type.BasicTypeReference@723e3c17
2024-09-27T00:33:34.768-03:00 DEBUG 12588 --- [           main] org.hibernate.type.BasicTypeRegistry     : Adding type registration java.time.ZonedDateTime -> org.hibernate.type.BasicTypeReference@723e3c17
2024-09-27T00:33:34.768-03:00 DEBUG 12588 --- [           main] org.hibernate.type.BasicTypeRegistry     : Adding type registration ZonedDateTimeWithTimezone -> org.hibernate.type.BasicTypeReference@4ffced4e
2024-09-27T00:33:34.768-03:00 DEBUG 12588 --- [           main] org.hibernate.type.BasicTypeRegistry     : Adding type registration ZonedDateTimeWithoutTimezone -> org.hibernate.type.BasicTypeReference@6094de13
2024-09-27T00:33:34.768-03:00 DEBUG 12588 --- [           main] org.hibernate.type.BasicTypeRegistry     : Adding type registration date -> org.hibernate.type.BasicTypeReference@bbb6f0
2024-09-27T00:33:34.768-03:00 DEBUG 12588 --- [           main] org.hibernate.type.BasicTypeRegistry     : Adding type registration java.sql.Date -> org.hibernate.type.BasicTypeReference@bbb6f0
2024-09-27T00:33:34.768-03:00 DEBUG 12588 --- [           main] org.hibernate.type.BasicTypeRegistry     : Adding type registration time -> org.hibernate.type.BasicTypeReference@3e6ec74
2024-09-27T00:33:34.768-03:00 DEBUG 12588 --- [           main] org.hibernate.type.BasicTypeRegistry     : Adding type registration java.sql.Time -> org.hibernate.type.BasicTypeReference@3e6ec74
2024-09-27T00:33:34.768-03:00 DEBUG 12588 --- [           main] org.hibernate.type.BasicTypeRegistry     : Adding type registration timestamp -> org.hibernate.type.BasicTypeReference@2bd8f7db
2024-09-27T00:33:34.768-03:00 DEBUG 12588 --- [           main] org.hibernate.type.BasicTypeRegistry     : Adding type registration java.sql.Timestamp -> org.hibernate.type.BasicTypeReference@2bd8f7db
2024-09-27T00:33:34.768-03:00 DEBUG 12588 --- [           main] org.hibernate.type.BasicTypeRegistry     : Adding type registration java.util.Date -> org.hibernate.type.BasicTypeReference@2bd8f7db
2024-09-27T00:33:34.768-03:00 DEBUG 12588 --- [           main] org.hibernate.type.BasicTypeRegistry     : Adding type registration calendar -> org.hibernate.type.BasicTypeReference@6d7ad0f5
2024-09-27T00:33:34.768-03:00 DEBUG 12588 --- [           main] org.hibernate.type.BasicTypeRegistry     : Adding type registration java.util.Calendar -> org.hibernate.type.BasicTypeReference@6d7ad0f5
2024-09-27T00:33:34.768-03:00 DEBUG 12588 --- [           main] org.hibernate.type.BasicTypeRegistry     : Adding type registration java.util.GregorianCalendar -> org.hibernate.type.BasicTypeReference@6d7ad0f5
2024-09-27T00:33:34.768-03:00 DEBUG 12588 --- [           main] org.hibernate.type.BasicTypeRegistry     : Adding type registration calendar_date -> org.hibernate.type.BasicTypeReference@30abf79c
2024-09-27T00:33:34.768-03:00 DEBUG 12588 --- [           main] org.hibernate.type.BasicTypeRegistry     : Adding type registration calendar_time -> org.hibernate.type.BasicTypeReference@49a38b1
2024-09-27T00:33:34.768-03:00 DEBUG 12588 --- [           main] org.hibernate.type.BasicTypeRegistry     : Adding type registration instant -> org.hibernate.type.BasicTypeReference@681061d6
2024-09-27T00:33:34.768-03:00 DEBUG 12588 --- [           main] org.hibernate.type.BasicTypeRegistry     : Adding type registration java.time.Instant -> org.hibernate.type.BasicTypeReference@681061d6
2024-09-27T00:33:34.768-03:00 DEBUG 12588 --- [           main] org.hibernate.type.BasicTypeRegistry     : Adding type registration uuid -> org.hibernate.type.BasicTypeReference@53d6e959
2024-09-27T00:33:34.768-03:00 DEBUG 12588 --- [           main] org.hibernate.type.BasicTypeRegistry     : Adding type registration java.util.UUID -> org.hibernate.type.BasicTypeReference@53d6e959
2024-09-27T00:33:34.768-03:00 DEBUG 12588 --- [           main] org.hibernate.type.BasicTypeRegistry     : Adding type registration pg-uuid -> org.hibernate.type.BasicTypeReference@53d6e959
2024-09-27T00:33:34.768-03:00 DEBUG 12588 --- [           main] org.hibernate.type.BasicTypeRegistry     : Adding type registration uuid-binary -> org.hibernate.type.BasicTypeReference@3caee3a8
2024-09-27T00:33:34.768-03:00 DEBUG 12588 --- [           main] org.hibernate.type.BasicTypeRegistry     : Adding type registration uuid-char -> org.hibernate.type.BasicTypeReference@69a40b3c
2024-09-27T00:33:34.768-03:00 DEBUG 12588 --- [           main] org.hibernate.type.BasicTypeRegistry     : Adding type registration class -> org.hibernate.type.BasicTypeReference@251c90f
2024-09-27T00:33:34.768-03:00 DEBUG 12588 --- [           main] org.hibernate.type.BasicTypeRegistry     : Adding type registration java.lang.Class -> org.hibernate.type.BasicTypeReference@251c90f
2024-09-27T00:33:34.768-03:00 DEBUG 12588 --- [           main] org.hibernate.type.BasicTypeRegistry     : Adding type registration currency -> org.hibernate.type.BasicTypeReference@6629643d
2024-09-27T00:33:34.768-03:00 DEBUG 12588 --- [           main] org.hibernate.type.BasicTypeRegistry     : Adding type registration Currency -> org.hibernate.type.BasicTypeReference@6629643d
2024-09-27T00:33:34.768-03:00 DEBUG 12588 --- [           main] org.hibernate.type.BasicTypeRegistry     : Adding type registration java.util.Currency -> org.hibernate.type.BasicTypeReference@6629643d
2024-09-27T00:33:34.768-03:00 DEBUG 12588 --- [           main] org.hibernate.type.BasicTypeRegistry     : Adding type registration locale -> org.hibernate.type.BasicTypeReference@2dd178f3
2024-09-27T00:33:34.768-03:00 DEBUG 12588 --- [           main] org.hibernate.type.BasicTypeRegistry     : Adding type registration java.util.Locale -> org.hibernate.type.BasicTypeReference@2dd178f3
2024-09-27T00:33:34.768-03:00 DEBUG 12588 --- [           main] org.hibernate.type.BasicTypeRegistry     : Adding type registration serializable -> org.hibernate.type.BasicTypeReference@64656b9e
2024-09-27T00:33:34.768-03:00 DEBUG 12588 --- [           main] org.hibernate.type.BasicTypeRegistry     : Adding type registration java.io.Serializable -> org.hibernate.type.BasicTypeReference@64656b9e
2024-09-27T00:33:34.768-03:00 DEBUG 12588 --- [           main] org.hibernate.type.BasicTypeRegistry     : Adding type registration timezone -> org.hibernate.type.BasicTypeReference@6870cfac
2024-09-27T00:33:34.768-03:00 DEBUG 12588 --- [           main] org.hibernate.type.BasicTypeRegistry     : Adding type registration java.util.TimeZone -> org.hibernate.type.BasicTypeReference@6870cfac
2024-09-27T00:33:34.768-03:00 DEBUG 12588 --- [           main] org.hibernate.type.BasicTypeRegistry     : Adding type registration ZoneOffset -> org.hibernate.type.BasicTypeReference@45554613
2024-09-27T00:33:34.768-03:00 DEBUG 12588 --- [           main] org.hibernate.type.BasicTypeRegistry     : Adding type registration java.time.ZoneOffset -> org.hibernate.type.BasicTypeReference@45554613
2024-09-27T00:33:34.768-03:00 DEBUG 12588 --- [           main] org.hibernate.type.BasicTypeRegistry     : Adding type registration url -> org.hibernate.type.BasicTypeReference@63e5b8aa
2024-09-27T00:33:34.768-03:00 DEBUG 12588 --- [           main] org.hibernate.type.BasicTypeRegistry     : Adding type registration java.net.URL -> org.hibernate.type.BasicTypeReference@63e5b8aa
2024-09-27T00:33:34.768-03:00 DEBUG 12588 --- [           main] org.hibernate.type.BasicTypeRegistry     : Adding type registration vector -> org.hibernate.type.BasicTypeReference@2c9306d3
2024-09-27T00:33:34.768-03:00 DEBUG 12588 --- [           main] org.hibernate.type.BasicTypeRegistry     : Adding type registration row_version -> org.hibernate.type.BasicTypeReference@4270b142
2024-09-27T00:33:34.783-03:00 DEBUG 12588 --- [onnection adder] com.zaxxer.hikari.pool.HikariPool        : HikariPool-1 - After adding stats (total=7, active=0, idle=7, waiting=0)
2024-09-27T00:33:34.783-03:00 DEBUG 12588 --- [           main] org.hibernate.type.BasicTypeRegistry     : Adding type registration object -> org.hibernate.type.JavaObjectType@212fafd1
2024-09-27T00:33:34.783-03:00 DEBUG 12588 --- [           main] org.hibernate.type.BasicTypeRegistry     : Adding type registration java.lang.Object -> org.hibernate.type.JavaObjectType@212fafd1
2024-09-27T00:33:34.783-03:00 DEBUG 12588 --- [           main] org.hibernate.type.BasicTypeRegistry     : Adding type registration null -> org.hibernate.type.NullType@586cc15d
2024-09-27T00:33:34.783-03:00 DEBUG 12588 --- [           main] org.hibernate.type.BasicTypeRegistry     : Adding type registration imm_date -> org.hibernate.type.BasicTypeReference@6c835217
2024-09-27T00:33:34.783-03:00 DEBUG 12588 --- [           main] org.hibernate.type.BasicTypeRegistry     : Adding type registration imm_time -> org.hibernate.type.BasicTypeReference@4584304
2024-09-27T00:33:34.783-03:00 DEBUG 12588 --- [           main] org.hibernate.type.BasicTypeRegistry     : Adding type registration imm_timestamp -> org.hibernate.type.BasicTypeReference@51888019
2024-09-27T00:33:34.783-03:00 DEBUG 12588 --- [           main] org.hibernate.type.BasicTypeRegistry     : Adding type registration imm_calendar -> org.hibernate.type.BasicTypeReference@6f50d55c
2024-09-27T00:33:34.783-03:00 DEBUG 12588 --- [           main] org.hibernate.type.BasicTypeRegistry     : Adding type registration imm_calendar_date -> org.hibernate.type.BasicTypeReference@19b5214b
2024-09-27T00:33:34.783-03:00 DEBUG 12588 --- [           main] org.hibernate.type.BasicTypeRegistry     : Adding type registration imm_calendar_time -> org.hibernate.type.BasicTypeReference@5fb3111a
2024-09-27T00:33:34.783-03:00 DEBUG 12588 --- [           main] org.hibernate.type.BasicTypeRegistry     : Adding type registration imm_binary -> org.hibernate.type.BasicTypeReference@4aaecabd
2024-09-27T00:33:34.783-03:00 DEBUG 12588 --- [           main] org.hibernate.type.BasicTypeRegistry     : Adding type registration imm_serializable -> org.hibernate.type.BasicTypeReference@23bd0c81
2024-09-27T00:33:34.783-03:00 DEBUG 12588 --- [onnection adder] o.m.jdbc.client.impl.StandardClient      : execute query: CREATE DATABASE IF NOT EXISTS `TrabalhoFinalIPOO`
2024-09-27T00:33:34.783-03:00 DEBUG 12588 --- [onnection adder] o.m.jdbc.client.impl.StandardClient      : execute query: USE `TrabalhoFinalIPOO`
2024-09-27T00:33:34.783-03:00 DEBUG 12588 --- [onnection adder] o.mariadb.jdbc.message.server.OkPacket   : Database change: is 'trabalhofinalipoo'
2024-09-27T00:33:34.783-03:00 DEBUG 12588 --- [onnection adder] com.zaxxer.hikari.pool.HikariPool        : HikariPool-1 - Added connection org.mariadb.jdbc.Connection@3c382215
2024-09-27T00:33:34.783-03:00 DEBUG 12588 --- [           main] o.h.boot.internal.BootstrapContextImpl   : Injecting JPA temp ClassLoader [org.springframework.instrument.classloading.SimpleThrowawayClassLoader@3a3f96ab] into BootstrapContext; was [null]
2024-09-27T00:33:34.783-03:00 DEBUG 12588 --- [           main] o.h.boot.internal.ClassLoaderAccessImpl  : ClassLoaderAccessImpl#injectTempClassLoader(org.springframework.instrument.classloading.SimpleThrowawayClassLoader@3a3f96ab) [was null]
2024-09-27T00:33:34.783-03:00 DEBUG 12588 --- [           main] o.h.boot.internal.BootstrapContextImpl   : Injecting ScanEnvironment [org.hibernate.jpa.boot.internal.StandardJpaScanEnvironmentImpl@1785d194] into BootstrapContext; was [null]
2024-09-27T00:33:34.783-03:00 DEBUG 12588 --- [           main] o.h.boot.internal.BootstrapContextImpl   : Injecting ScanOptions [org.hibernate.boot.archive.scan.internal.StandardScanOptions@6b4a4e40] into BootstrapContext; was [org.hibernate.boot.archive.scan.internal.StandardScanOptions@46a8c2b4]
2024-09-27T00:33:34.820-03:00 DEBUG 12588 --- [onnection adder] com.zaxxer.hikari.pool.HikariPool        : HikariPool-1 - After adding stats (total=8, active=0, idle=8, waiting=0)
2024-09-27T00:33:34.820-03:00 DEBUG 12588 --- [onnection adder] o.m.jdbc.client.impl.StandardClient      : execute query: CREATE DATABASE IF NOT EXISTS `TrabalhoFinalIPOO`
2024-09-27T00:33:34.820-03:00 DEBUG 12588 --- [onnection adder] o.m.jdbc.client.impl.StandardClient      : execute query: USE `TrabalhoFinalIPOO`
2024-09-27T00:33:34.820-03:00 DEBUG 12588 --- [onnection adder] o.mariadb.jdbc.message.server.OkPacket   : Database change: is 'trabalhofinalipoo'
2024-09-27T00:33:34.820-03:00 DEBUG 12588 --- [onnection adder] com.zaxxer.hikari.pool.HikariPool        : HikariPool-1 - Added connection org.mariadb.jdbc.Connection@1deae70d
2024-09-27T00:33:34.855-03:00 DEBUG 12588 --- [onnection adder] com.zaxxer.hikari.pool.HikariPool        : HikariPool-1 - After adding stats (total=9, active=0, idle=9, waiting=0)
2024-09-27T00:33:34.855-03:00 DEBUG 12588 --- [onnection adder] o.m.jdbc.client.impl.StandardClient      : execute query: CREATE DATABASE IF NOT EXISTS `TrabalhoFinalIPOO`
2024-09-27T00:33:34.855-03:00 DEBUG 12588 --- [onnection adder] o.m.jdbc.client.impl.StandardClient      : execute query: USE `TrabalhoFinalIPOO`
2024-09-27T00:33:34.855-03:00 DEBUG 12588 --- [onnection adder] o.mariadb.jdbc.message.server.OkPacket   : Database change: is 'trabalhofinalipoo'
2024-09-27T00:33:34.855-03:00 DEBUG 12588 --- [onnection adder] com.zaxxer.hikari.pool.HikariPool        : HikariPool-1 - Added connection org.mariadb.jdbc.Connection@39f567fa
2024-09-27T00:33:34.889-03:00 DEBUG 12588 --- [onnection adder] com.zaxxer.hikari.pool.HikariPool        : HikariPool-1 - After adding stats (total=10, active=0, idle=10, waiting=0)
2024-09-27T00:33:35.031-03:00  INFO 12588 --- [           main] o.s.o.j.p.SpringPersistenceUnitInfo      : No LoadTimeWeaver setup: ignoring JPA class transformer
2024-09-27T00:33:35.031-03:00 DEBUG 12588 --- [           main] o.h.boot.internal.BootstrapContextImpl   : Injecting JPA temp ClassLoader [null] into BootstrapContext; was [org.springframework.instrument.classloading.SimpleThrowawayClassLoader@3a3f96ab]
2024-09-27T00:33:35.031-03:00 DEBUG 12588 --- [           main] o.h.boot.internal.ClassLoaderAccessImpl  : ClassLoaderAccessImpl#injectTempClassLoader(null) [was org.springframework.instrument.classloading.SimpleThrowawayClassLoader@3a3f96ab]
2024-09-27T00:33:35.062-03:00 DEBUG 12588 --- [           main] o.h.e.j.e.i.JdbcEnvironmentInitiator     : Database ->
	   name : MariaDB
	version : 11.5.2-MariaDB
	  major : 11
	  minor : 5
2024-09-27T00:33:35.062-03:00 DEBUG 12588 --- [           main] o.h.e.j.e.i.JdbcEnvironmentInitiator     : Driver ->
	   name : MariaDB Connector/J
	version : 3.1.3
	  major : 3
	  minor : 1
2024-09-27T00:33:35.062-03:00 DEBUG 12588 --- [           main] o.h.e.j.e.i.JdbcEnvironmentInitiator     : JDBC version : 4.2
2024-09-27T00:33:35.094-03:00 DEBUG 12588 --- [           main] o.m.jdbc.client.impl.StandardClient      : execute query: SELECT @@character_set_database, @@sql_mode
2024-09-27T00:33:35.094-03:00 DEBUG 12588 --- [           main] org.hibernate.orm.dialect                : HHH035001: Using dialect: org.hibernate.dialect.MariaDBDialect, version: 11.5.2
2024-09-27T00:33:35.109-03:00 DEBUG 12588 --- [           main] o.m.jdbc.client.impl.StandardClient      : execute query: select @@lower_case_table_names
2024-09-27T00:33:35.109-03:00 DEBUG 12588 --- [           main] o.h.e.j.env.spi.IdentifierHelperBuilder  : IdentifierCaseStrategy for both quoted and unquoted identifiers was set to the same strategy [LOWER]; that will likely lead to problems in schema update and validation if using quoted identifiers
2024-09-27T00:33:35.127-03:00 DEBUG 12588 --- [           main] o.h.t.d.sql.spi.DdlTypeRegistry          : addDescriptor(12, org.hibernate.type.descriptor.sql.internal.CapacityDependentDdlType@59933644) replaced previous registration(org.hibernate.type.descriptor.sql.internal.CapacityDependentDdlType@67e6eb52)
2024-09-27T00:33:35.127-03:00 DEBUG 12588 --- [           main] o.h.t.d.sql.spi.DdlTypeRegistry          : addDescriptor(-9, org.hibernate.type.descriptor.sql.internal.CapacityDependentDdlType@3e8b8f0) replaced previous registration(org.hibernate.type.descriptor.sql.internal.CapacityDependentDdlType@5ad57e90)
2024-09-27T00:33:35.127-03:00 DEBUG 12588 --- [           main] o.h.t.d.sql.spi.DdlTypeRegistry          : addDescriptor(-3, org.hibernate.type.descriptor.sql.internal.CapacityDependentDdlType@1a345298) replaced previous registration(org.hibernate.type.descriptor.sql.internal.CapacityDependentDdlType@4ad896f7)
2024-09-27T00:33:35.127-03:00 DEBUG 12588 --- [           main] o.h.t.d.sql.spi.DdlTypeRegistry          : addDescriptor(4003, org.hibernate.type.descriptor.sql.internal.DdlTypeImpl@c318864) replaced previous registration(org.hibernate.type.descriptor.sql.internal.DdlTypeImpl@7d61468c)
2024-09-27T00:33:35.127-03:00 DEBUG 12588 --- [           main] o.h.t.d.sql.spi.DdlTypeRegistry          : addDescriptor(4001, org.hibernate.type.descriptor.sql.internal.DdlTypeImpl@45796b2a) replaced previous registration(org.hibernate.type.descriptor.sql.internal.DdlTypeImpl@4b98225c)
2024-09-27T00:33:35.127-03:00 DEBUG 12588 --- [           main] o.h.t.d.sql.spi.DdlTypeRegistry          : addDescriptor(4002, org.hibernate.type.descriptor.sql.internal.DdlTypeImpl@4beae1e3) replaced previous registration(org.hibernate.type.descriptor.sql.internal.DdlTypeImpl@3c488b34)
2024-09-27T00:33:35.127-03:00 DEBUG 12588 --- [           main] o.h.t.d.sql.spi.DdlTypeRegistry          : addDescriptor(2004, org.hibernate.type.descriptor.sql.internal.CapacityDependentDdlType@32e697ac) replaced previous registration(org.hibernate.type.descriptor.sql.internal.DdlTypeImpl@3866c96e)
2024-09-27T00:33:35.127-03:00 DEBUG 12588 --- [           main] o.h.t.d.sql.spi.DdlTypeRegistry          : addDescriptor(2005, org.hibernate.type.descriptor.sql.internal.CapacityDependentDdlType@241fc278) replaced previous registration(org.hibernate.type.descriptor.sql.internal.DdlTypeImpl@5c76fce4)
2024-09-27T00:33:35.127-03:00 DEBUG 12588 --- [           main] o.h.t.d.sql.spi.DdlTypeRegistry          : addDescriptor(2011, org.hibernate.type.descriptor.sql.internal.CapacityDependentDdlType@5aab5b31) replaced previous registration(org.hibernate.type.descriptor.sql.internal.DdlTypeImpl@5408d4b3)
2024-09-27T00:33:35.127-03:00 DEBUG 12588 --- [           main] o.h.t.d.jdbc.spi.JdbcTypeRegistry        : addDescriptor(2005, ClobTypeDescriptor(STREAM_BINDING)) replaced previous registration(ClobTypeDescriptor(DEFAULT))
2024-09-27T00:33:35.127-03:00 DEBUG 12588 --- [           main] org.hibernate.type.BasicTypeRegistry     : Adding type registration null -> org.hibernate.type.NullType@77ecdc2b
2024-09-27T00:33:35.127-03:00 DEBUG 12588 --- [           main] org.hibernate.type.BasicTypeRegistry     : Type registration key [null] overrode previous entry : `org.hibernate.type.NullType@586cc15d`
2024-09-27T00:33:35.141-03:00 DEBUG 12588 --- [           main] org.hibernate.type.BasicTypeRegistry     : Adding type registration org.hibernate.type.DurationType -> basicType@1(java.time.Duration,3015)
2024-09-27T00:33:35.141-03:00 DEBUG 12588 --- [           main] org.hibernate.type.BasicTypeRegistry     : Adding type registration Duration -> basicType@1(java.time.Duration,3015)
2024-09-27T00:33:35.141-03:00 DEBUG 12588 --- [           main] org.hibernate.type.BasicTypeRegistry     : Adding type registration java.time.Duration -> basicType@1(java.time.Duration,3015)
2024-09-27T00:33:35.141-03:00 DEBUG 12588 --- [           main] org.hibernate.type.BasicTypeRegistry     : Adding type registration org.hibernate.type.OffsetDateTimeType -> basicType@2(java.time.OffsetDateTime,3003)
2024-09-27T00:33:35.141-03:00 DEBUG 12588 --- [           main] org.hibernate.type.BasicTypeRegistry     : Adding type registration OffsetDateTime -> basicType@2(java.time.OffsetDateTime,3003)
2024-09-27T00:33:35.141-03:00 DEBUG 12588 --- [           main] org.hibernate.type.BasicTypeRegistry     : Adding type registration java.time.OffsetDateTime -> basicType@2(java.time.OffsetDateTime,3003)
2024-09-27T00:33:35.141-03:00 DEBUG 12588 --- [           main] org.hibernate.type.BasicTypeRegistry     : Adding type registration org.hibernate.type.ZonedDateTimeType -> basicType@3(java.time.ZonedDateTime,3003)
2024-09-27T00:33:35.141-03:00 DEBUG 12588 --- [           main] org.hibernate.type.BasicTypeRegistry     : Adding type registration ZonedDateTime -> basicType@3(java.time.ZonedDateTime,3003)
2024-09-27T00:33:35.141-03:00 DEBUG 12588 --- [           main] org.hibernate.type.BasicTypeRegistry     : Adding type registration java.time.ZonedDateTime -> basicType@3(java.time.ZonedDateTime,3003)
2024-09-27T00:33:35.141-03:00 DEBUG 12588 --- [           main] org.hibernate.type.BasicTypeRegistry     : Adding type registration org.hibernate.type.OffsetTimeType -> basicType@4(java.time.OffsetTime,3007)
2024-09-27T00:33:35.141-03:00 DEBUG 12588 --- [           main] org.hibernate.type.BasicTypeRegistry     : Adding type registration OffsetTime -> basicType@4(java.time.OffsetTime,3007)
2024-09-27T00:33:35.141-03:00 DEBUG 12588 --- [           main] org.hibernate.type.BasicTypeRegistry     : Adding type registration java.time.OffsetTime -> basicType@4(java.time.OffsetTime,3007)
2024-09-27T00:33:35.141-03:00 DEBUG 12588 --- [           main] o.h.type.spi.TypeConfiguration$Scope     : Scoping TypeConfiguration [org.hibernate.type.spi.TypeConfiguration@5c839677] to MetadataBuildingContext [org.hibernate.boot.internal.MetadataBuildingContextRootImpl@3193e21d]
2024-09-27T00:33:35.172-03:00 DEBUG 12588 --- [           main] o.h.boot.model.relational.Namespace      : Created database namespace [logicalName=Name{catalog=null, schema=null}, physicalName=Name{catalog=null, schema=null}]
2024-09-27T00:33:35.188-03:00 DEBUG 12588 --- [           main] o.h.boot.model.internal.EntityBinder     : Binding entity from annotated class: br.com.estudoskaua.trabalhofinalpoo.domain.model.Cliente
2024-09-27T00:33:35.204-03:00 DEBUG 12588 --- [           main] o.h.boot.model.internal.EntityBinder     : Import with entity name Cliente
2024-09-27T00:33:35.204-03:00 DEBUG 12588 --- [           main] o.h.boot.model.internal.EntityBinder     : Bind entity br.com.estudoskaua.trabalhofinalpoo.domain.model.Cliente on table cliente
2024-09-27T00:33:35.219-03:00 DEBUG 12588 --- [           main] o.h.boot.model.internal.AnnotatedColumn  : Binding column: AnnotatedDiscriminatorColumn(column='DTYPE')
2024-09-27T00:33:35.235-03:00 DEBUG 12588 --- [           main] o.h.boot.model.internal.AnnotatedColumn  : Binding column: AnnotatedColumn()
2024-09-27T00:33:35.235-03:00 DEBUG 12588 --- [           main] o.h.boot.internal.ClassLoaderAccessImpl  : Not known whether passed class name [br.com.estudoskaua.trabalhofinalpoo.domain.model.Cliente] is safe
[...]

   PulsarAutoConfiguration:
      Did not match:
         - @ConditionalOnClass did not find required class 'org.apache.pulsar.client.api.PulsarClient' (OnClassCondition)

   PulsarReactiveAutoConfiguration:
      Did not match:
         - @ConditionalOnClass did not find required class 'org.apache.pulsar.client.api.PulsarClient' (OnClassCondition)

   QuartzAutoConfiguration:
      Did not match:
         - @ConditionalOnClass did not find required class 'org.quartz.Scheduler' (OnClassCondition)

   R2dbcAutoConfiguration:
      Did not match:
         - @ConditionalOnClass did not find required class 'io.r2dbc.spi.ConnectionFactory' (OnClassCondition)

   R2dbcDataAutoConfiguration:
      Did not match:
         - @ConditionalOnClass did not find required class 'org.springframework.data.r2dbc.core.R2dbcEntityTemplate' (OnClassCondition)

   R2dbcInitializationConfiguration:
      Did not match:
         - @ConditionalOnClass did not find required classes 'io.r2dbc.spi.ConnectionFactory', 'org.springframework.r2dbc.connection.init.DatabasePopulator' (OnClassCondition)

   R2dbcRepositoriesAutoConfiguration:
      Did not match:
         - @ConditionalOnClass did not find required class 'io.r2dbc.spi.ConnectionFactory' (OnClassCondition)

   R2dbcTransactionManagerAutoConfiguration:
      Did not match:
         - @ConditionalOnClass did not find required class 'org.springframework.r2dbc.connection.R2dbcTransactionManager' (OnClassCondition)

   RSocketGraphQlClientAutoConfiguration:
      Did not match:
         - @ConditionalOnClass did not find required class 'graphql.GraphQL' (OnClassCondition)

   RSocketMessagingAutoConfiguration:
      Did not match:
         - @ConditionalOnClass did not find required class 'io.rsocket.RSocket' (OnClassCondition)

   RSocketRequesterAutoConfiguration:
      Did not match:
         - @ConditionalOnClass did not find required class 'io.rsocket.RSocket' (OnClassCondition)

   RSocketSecurityAutoConfiguration:
      Did not match:
         - @ConditionalOnClass did not find required class 'org.springframework.security.rsocket.core.SecuritySocketAcceptorInterceptor' (OnClassCondition)

   RSocketServerAutoConfiguration:
      Did not match:
         - @ConditionalOnClass did not find required class 'io.rsocket.core.RSocketServer' (OnClassCondition)

   RSocketStrategiesAutoConfiguration:
      Did not match:
         - @ConditionalOnClass did not find required class 'io.netty.buffer.PooledByteBufAllocator' (OnClassCondition)

   RabbitAutoConfiguration:
      Did not match:
         - @ConditionalOnClass did not find required class 'com.rabbitmq.client.Channel' (OnClassCondition)

   ReactiveElasticsearchClientAutoConfiguration:
      Did not match:
         - @ConditionalOnClass did not find required class 'co.elastic.clients.transport.ElasticsearchTransport' (OnClassCondition)

   ReactiveElasticsearchRepositoriesAutoConfiguration:
      Did not match:
         - @ConditionalOnClass did not find required class 'reactor.core.publisher.Mono' (OnClassCondition)

   ReactiveMultipartAutoConfiguration:
      Did not match:
         - @ConditionalOnClass did not find required class 'org.springframework.web.reactive.config.WebFluxConfigurer' (OnClassCondition)

   ReactiveOAuth2ClientAutoConfiguration:
      Did not match:
         - @ConditionalOnClass did not find required class 'reactor.core.publisher.Flux' (OnClassCondition)

   ReactiveOAuth2ResourceServerAutoConfiguration:
      Did not match:
         - @ConditionalOnClass did not find required class 'org.springframework.security.config.annotation.web.reactive.EnableWebFluxSecurity' (OnClassCondition)

   ReactiveSecurityAutoConfiguration:
      Did not match:
         - @ConditionalOnClass did not find required class 'reactor.core.publisher.Flux' (OnClassCondition)

   ReactiveUserDetailsServiceAutoConfiguration:
      Did not match:
         - @ConditionalOnClass did not find required class 'org.springframework.security.authentication.ReactiveAuthenticationManager' (OnClassCondition)

   ReactiveWebServerFactoryAutoConfiguration:
      Did not match:
         - @ConditionalOnWebApplication did not find reactive web application classes (OnWebApplicationCondition)

   ReactorAutoConfiguration:
      Did not match:
         - @ConditionalOnClass did not find required class 'reactor.core.publisher.Hooks' (OnClassCondition)

   RedisAutoConfiguration:
      Did not match:
         - @ConditionalOnClass did not find required class 'org.springframework.data.redis.core.RedisOperations' (OnClassCondition)

   RedisCacheConfiguration:
      Did not match:
         - @ConditionalOnClass did not find required class 'org.springframework.data.redis.connection.RedisConnectionFactory' (OnClassCondition)

   RedisReactiveAutoConfiguration:
      Did not match:
         - @ConditionalOnClass did not find required class 'reactor.core.publisher.Flux' (OnClassCondition)

   RedisRepositoriesAutoConfiguration:
      Did not match:
         - @ConditionalOnClass did not find required class 'org.springframework.data.redis.repository.configuration.EnableRedisRepositories' (OnClassCondition)

   RemoteDevToolsAutoConfiguration:
      Did not match:
         - @ConditionalOnProperty (spring.devtools.remote.secret) did not find property 'secret' (OnPropertyCondition)
      Matched:
         - @ConditionalOnClass found required classes 'jakarta.servlet.Filter', 'org.springframework.http.server.ServerHttpRequest' (OnClassCondition)

   RepositoryRestMvcAutoConfiguration:
      Did not match:
         - @ConditionalOnClass did not find required class 'org.springframework.data.rest.webmvc.config.RepositoryRestMvcConfiguration' (OnClassCondition)

   Saml2RelyingPartyAutoConfiguration:
      Did not match:
         - @ConditionalOnClass did not find required class 'org.springframework.security.saml2.provider.service.registration.RelyingPartyRegistrationRepository' (OnClassCondition)

   SecurityAutoConfiguration:
      Did not match:
         - @ConditionalOnClass did not find required class 'org.springframework.security.authentication.DefaultAuthenticationEventPublisher' (OnClassCondition)

   SecurityFilterAutoConfiguration:
      Did not match:
         - @ConditionalOnClass did not find required class 'org.springframework.security.config.http.SessionCreationPolicy' (OnClassCondition)

   SendGridAutoConfiguration:
      Did not match:
         - @ConditionalOnClass did not find required class 'com.sendgrid.SendGrid' (OnClassCondition)

   ServletWebServerFactoryAutoConfiguration.ForwardedHeaderFilterConfiguration:
      Did not match:
         - @ConditionalOnProperty (server.forward-headers-strategy=framework) did not find property 'server.forward-headers-strategy' (OnPropertyCondition)

   ServletWebServerFactoryConfiguration.EmbeddedJetty:
      Did not match:
         - @ConditionalOnClass did not find required classes 'org.eclipse.jetty.server.Server', 'org.eclipse.jetty.util.Loader', 'org.eclipse.jetty.ee10.webapp.WebAppContext' (OnClassCondition)

   ServletWebServerFactoryConfiguration.EmbeddedUndertow:
      Did not match:
         - @ConditionalOnClass did not find required classes 'io.undertow.Undertow', 'org.xnio.SslClientAuthMode' (OnClassCondition)

   SessionAutoConfiguration:
      Did not match:
         - @ConditionalOnClass did not find required class 'org.springframework.session.Session' (OnClassCondition)

   SpringApplicationAdminJmxAutoConfiguration:
      Did not match:
         - @ConditionalOnProperty (spring.application.admin.enabled=true) did not find property 'enabled' (OnPropertyCondition)

   TaskExecutorConfigurations.SimpleAsyncTaskExecutorBuilderConfiguration#simpleAsyncTaskExecutorBuilderVirtualThreads:
      Did not match:
         - @ConditionalOnMissingBean (types: org.springframework.boot.task.SimpleAsyncTaskExecutorBuilder; SearchStrategy: all) found beans of type 'org.springframework.boot.task.SimpleAsyncTaskExecutorBuilder' simpleAsyncTaskExecutorBuilder (OnBeanCondition)

   TaskExecutorConfigurations.TaskExecutorConfiguration#applicationTaskExecutorVirtualThreads:
      Did not match:
         - @ConditionalOnThreading did not find VIRTUAL (OnThreadingCondition)

   TaskSchedulingAutoConfiguration#scheduledBeanLazyInitializationExcludeFilter:
      Did not match:
         - @ConditionalOnBean (names: org.springframework.context.annotation.internalScheduledAnnotationProcessor; SearchStrategy: all) did not find any beans named org.springframework.context.annotation.internalScheduledAnnotationProcessor (OnBeanCondition)

   TaskSchedulingConfigurations.SimpleAsyncTaskSchedulerBuilderConfiguration#simpleAsyncTaskSchedulerBuilderVirtualThreads:
      Did not match:
         - @ConditionalOnMissingBean (types: org.springframework.boot.task.SimpleAsyncTaskSchedulerBuilder; SearchStrategy: all) found beans of type 'org.springframework.boot.task.SimpleAsyncTaskSchedulerBuilder' simpleAsyncTaskSchedulerBuilder (OnBeanCondition)

   TaskSchedulingConfigurations.TaskSchedulerConfiguration:
      Did not match:
         - @ConditionalOnBean (names: org.springframework.context.annotation.internalScheduledAnnotationProcessor; SearchStrategy: all) did not find any beans named org.springframework.context.annotation.internalScheduledAnnotationProcessor (OnBeanCondition)

   ThymeleafAutoConfiguration:
      Did not match:
         - @ConditionalOnClass did not find required class 'org.thymeleaf.spring6.SpringTemplateEngine' (OnClassCondition)

   TransactionAutoConfiguration#transactionalOperator:
      Did not match:
         - @ConditionalOnSingleCandidate (types: org.springframework.transaction.ReactiveTransactionManager; SearchStrategy: all) did not find any beans (OnBeanCondition)

   TransactionAutoConfiguration.AspectJTransactionManagementConfiguration:
      Did not match:
         - @ConditionalOnBean (types: org.springframework.transaction.aspectj.AbstractTransactionAspect; SearchStrategy: all) did not find any beans of type org.springframework.transaction.aspectj.AbstractTransactionAspect (OnBeanCondition)

   TransactionAutoConfiguration.EnableTransactionManagementConfiguration.JdkDynamicAutoProxyConfiguration:
      Did not match:
         - @ConditionalOnProperty (spring.aop.proxy-target-class=false) did not find property 'proxy-target-class' (OnPropertyCondition)

   UserDetailsServiceAutoConfiguration:
      Did not match:
         - @ConditionalOnClass did not find required class 'org.springframework.security.authentication.AuthenticationManager' (OnClassCondition)

   WebClientAutoConfiguration:
      Did not match:
         - @ConditionalOnClass did not find required class 'org.springframework.web.reactive.function.client.WebClient' (OnClassCondition)

   WebFluxAutoConfiguration:
      Did not match:
         - @ConditionalOnClass did not find required class 'org.springframework.web.reactive.config.WebFluxConfigurer' (OnClassCondition)

   WebMvcAutoConfiguration#hiddenHttpMethodFilter:
      Did not match:
         - @ConditionalOnProperty (spring.mvc.hiddenmethod.filter.enabled) did not find property 'enabled' (OnPropertyCondition)

   WebMvcAutoConfiguration.ProblemDetailsErrorHandlingConfiguration:
      Did not match:
         - @ConditionalOnProperty (spring.mvc.problemdetails.enabled=true) did not find property 'enabled' (OnPropertyCondition)

   WebMvcAutoConfiguration.ResourceChainCustomizerConfiguration:
      Did not match:
         - @ConditionalOnEnabledResourceChain did not find class org.webjars.WebJarAssetLocator (OnEnabledResourceChainCondition)

   WebMvcAutoConfiguration.WebMvcAutoConfigurationAdapter#beanNameViewResolver:
      Did not match:
         - @ConditionalOnMissingBean (types: org.springframework.web.servlet.view.BeanNameViewResolver; SearchStrategy: all) found beans of type 'org.springframework.web.servlet.view.BeanNameViewResolver' beanNameViewResolver (OnBeanCondition)

   WebServiceTemplateAutoConfiguration:
      Did not match:
         - @ConditionalOnClass did not find required class 'org.springframework.oxm.Marshaller' (OnClassCondition)

   WebServicesAutoConfiguration:
      Did not match:
         - @ConditionalOnClass did not find required class 'org.springframework.ws.transport.http.MessageDispatcherServlet' (OnClassCondition)

   WebSessionIdResolverAutoConfiguration:
      Did not match:
         - @ConditionalOnClass did not find required class 'reactor.core.publisher.Mono' (OnClassCondition)

   WebSocketMessagingAutoConfiguration:
      Did not match:
         - @ConditionalOnClass did not find required class 'org.springframework.web.socket.config.annotation.WebSocketMessageBrokerConfigurer' (OnClassCondition)

   WebSocketReactiveAutoConfiguration:
      Did not match:
         - @ConditionalOnWebApplication did not find reactive web application classes (OnWebApplicationCondition)

   WebSocketServletAutoConfiguration.JettyWebSocketConfiguration:
      Did not match:
         - @ConditionalOnClass did not find required class 'org.eclipse.jetty.ee10.websocket.jakarta.server.config.JakartaWebSocketServletContainerInitializer' (OnClassCondition)

   WebSocketServletAutoConfiguration.UndertowWebSocketConfiguration:
      Did not match:
         - @ConditionalOnClass did not find required class 'io.undertow.websockets.jsr.Bootstrap' (OnClassCondition)

   XADataSourceAutoConfiguration:
      Did not match:
         - @ConditionalOnBean (types: org.springframework.boot.jdbc.XADataSourceWrapper; SearchStrategy: all) did not find any beans of type org.springframework.boot.jdbc.XADataSourceWrapper (OnBeanCondition)
      Matched:
         - @ConditionalOnClass found required classes 'javax.sql.DataSource', 'jakarta.transaction.TransactionManager', 'org.springframework.jdbc.datasource.embedded.EmbeddedDatabaseType' (OnClassCondition)


Exclusions:
-----------

    None


Unconditional classes:
----------------------

    org.springframework.boot.autoconfigure.context.ConfigurationPropertiesAutoConfiguration

    org.springframework.boot.autoconfigure.ssl.SslAutoConfiguration

    org.springframework.boot.autoconfigure.context.LifecycleAutoConfiguration

    org.springframework.boot.autoconfigure.context.PropertyPlaceholderAutoConfiguration

    org.springframework.boot.autoconfigure.availability.ApplicationAvailabilityAutoConfiguration

    org.springframework.boot.autoconfigure.info.ProjectInfoAutoConfiguration



2024-09-27T00:33:36.953-03:00  INFO 12588 --- [           main] b.c.e.t.TrabalhoFinalPooApplicationTests : Started TrabalhoFinalPooApplicationTests in 4.199 seconds (process running for 5.103)
2024-09-27T00:33:36.953-03:00 DEBUG 12588 --- [           main] o.s.b.a.ApplicationAvailabilityBean      : Application availability state LivenessState changed to CORRECT
2024-09-27T00:33:36.953-03:00 DEBUG 12588 --- [           main] o.s.boot.devtools.restart.Restarter      : Creating new Restarter for thread Thread[main,5,main]
2024-09-27T00:33:36.953-03:00 DEBUG 12588 --- [           main] o.s.b.a.ApplicationAvailabilityBean      : Application availability state ReadinessState changed to ACCEPTING_TRAFFIC
2024-09-27T00:33:36.953-03:00 DEBUG 12588 --- [           main] org.springframework.test.context.cache   : Spring test ApplicationContext cache statistics: [DefaultContextCache@5eadc347 size = 1, maxSize = 32, parentContextCount = 0, hitCount = 0, missCount = 1, failureCount = 0]
2024-09-27T00:33:36.953-03:00 DEBUG 12588 --- [           main] o.s.t.c.w.ServletTestExecutionListener   : Setting up MockHttpServletRequest, MockHttpServletResponse, ServletWebRequest, and RequestContextHolder for test class br.com.estudoskaua.trabalhofinalpoo.TrabalhoFinalPooApplicationTests
2024-09-27T00:33:36.969-03:00 DEBUG 12588 --- [           main] DependencyInjectionTestExecutionListener : Performing dependency injection for test class br.com.estudoskaua.trabalhofinalpoo.TrabalhoFinalPooApplicationTests
2024-09-27T00:33:36.969-03:00 DEBUG 12588 --- [           main] org.springframework.test.context.cache   : Spring test ApplicationContext cache statistics: [DefaultContextCache@5eadc347 size = 1, maxSize = 32, parentContextCount = 0, hitCount = 1, missCount = 1, failureCount = 0]
2024-09-27T00:33:36.969-03:00 DEBUG 12588 --- [           main] org.springframework.test.context.cache   : Spring test ApplicationContext cache statistics: [DefaultContextCache@5eadc347 size = 1, maxSize = 32, parentContextCount = 0, hitCount = 2, missCount = 1, failureCount = 0]
2024-09-27T00:33:36.985-03:00 DEBUG 12588 --- [           main] sContextBeforeModesTestExecutionListener : Before test method: class [TrabalhoFinalPooApplicationTests], method [contextLoads], class annotated with @DirtiesContext [false] with mode [null], method annotated with @DirtiesContext [false] with mode [null]
2024-09-27T00:33:36.985-03:00 DEBUG 12588 --- [           main] org.springframework.test.context.cache   : Spring test ApplicationContext cache statistics: [DefaultContextCache@5eadc347 size = 1, maxSize = 32, parentContextCount = 0, hitCount = 3, missCount = 1, failureCount = 0]
2024-09-27T00:33:36.985-03:00 DEBUG 12588 --- [           main] org.springframework.test.context.cache   : Spring test ApplicationContext cache statistics: [DefaultContextCache@5eadc347 size = 1, maxSize = 32, parentContextCount = 0, hitCount = 4, missCount = 1, failureCount = 0]
2024-09-27T00:33:37.442-03:00 DEBUG 12588 --- [           main] org.springframework.test.context.cache   : Spring test ApplicationContext cache statistics: [DefaultContextCache@5eadc347 size = 1, maxSize = 32, parentContextCount = 0, hitCount = 5, missCount = 1, failureCount = 0]
2024-09-27T00:33:37.442-03:00 DEBUG 12588 --- [           main] org.springframework.test.context.cache   : Spring test ApplicationContext cache statistics: [DefaultContextCache@5eadc347 size = 1, maxSize = 32, parentContextCount = 0, hitCount = 6, missCount = 1, failureCount = 0]
2024-09-27T00:33:37.442-03:00 DEBUG 12588 --- [           main] org.springframework.test.context.cache   : Spring test ApplicationContext cache statistics: [DefaultContextCache@5eadc347 size = 1, maxSize = 32, parentContextCount = 0, hitCount = 7, missCount = 1, failureCount = 0]
2024-09-27T00:33:37.442-03:00 DEBUG 12588 --- [           main] org.springframework.test.context.cache   : Spring test ApplicationContext cache statistics: [DefaultContextCache@5eadc347 size = 1, maxSize = 32, parentContextCount = 0, hitCount = 8, missCount = 1, failureCount = 0]
2024-09-27T00:33:37.442-03:00 DEBUG 12588 --- [           main] org.springframework.test.context.cache   : Spring test ApplicationContext cache statistics: [DefaultContextCache@5eadc347 size = 1, maxSize = 32, parentContextCount = 0, hitCount = 9, missCount = 1, failureCount = 0]
2024-09-27T00:33:37.442-03:00 DEBUG 12588 --- [           main] org.springframework.test.context.cache   : Spring test ApplicationContext cache statistics: [DefaultContextCache@5eadc347 size = 1, maxSize = 32, parentContextCount = 0, hitCount = 10, missCount = 1, failureCount = 0]
2024-09-27T00:33:37.442-03:00 DEBUG 12588 --- [           main] org.springframework.test.context.cache   : Spring test ApplicationContext cache statistics: [DefaultContextCache@5eadc347 size = 1, maxSize = 32, parentContextCount = 0, hitCount = 11, missCount = 1, failureCount = 0]
2024-09-27T00:33:37.442-03:00 DEBUG 12588 --- [           main] .c.s.DirtiesContextTestExecutionListener : After test method: class [TrabalhoFinalPooApplicationTests], method [contextLoads], class annotated with @DirtiesContext [false] with mode [null], method annotated with @DirtiesContext [false] with mode [null]
2024-09-27T00:33:37.442-03:00 DEBUG 12588 --- [           main] o.s.t.c.w.ServletTestExecutionListener   : Resetting RequestContextHolder for test class br.com.estudoskaua.trabalhofinalpoo.TrabalhoFinalPooApplicationTests
]]></system-out>
  </testcase>
</testsuite>